PDB data file name: 1KPD.pdb
BEGIN_base-pair
     1_19, A:     1 G-C    19 A: W/W cis         n/a
     2_18, A:     2 G-C    18 A: +/+ cis         XIX
     2_19, A:     2 G-C    19 A:      stacked
     3_17, A:     3 C-G    17 A: +/+ cis         XIX
      4_5, A:     4 G-C     5 A:      stacked
     4_16, A:     4 G-C    16 A: +/+ cis         XIX
     5_15, A:     5 C-G    15 A: +/+ cis         XIX
     9_31, A:     9 G-C    31 A: +/+ cis         XIX
    10_30, A:    10 G-C    30 A: +/+ cis         XIX
    10_31, A:    10 G-C    31 A:      stacked
    11_29, A:    11 G-C    29 A: +/+ cis         XIX
    12_13, A:    12 C-U    13 A:      stacked
    12_28, A:    12 C-G    28 A: +/+ cis         XIX
    13_27, A:    13 U-G    27 A: W/W cis         XXVIII
    15_16, A:    15 G-C    16 A:      stacked
    22_23, A:    22 U-C    23 A:      stacked
     2_23, A:     2 G-C    23 A: S/. tran        !(b_s)
     3_23, A:     3 C-C    23 A: S/W cis         !(b_s)
     2_22, A:     2 G-U    22 A: S/W tran        !(s_s)
     5_26, A:     5 C-A    26 A: s/S cis         !(s_s)
    26_27, A:    26 A-G    27 A: S/? cis         !(s_s)
END_base-pair
  The total base pairs =  10 (from   32 bases)
------------------------------------------------
 Standard  WW--cis  WW-tran  HH--cis  HH-tran  SS--cis  SS-tran
        8        2        0        0        0        0        0
  WH--cis  WH-tran  WS--cis  WS-tran  HS--cis  HS-tran
        0        0        0        0        0        0
------------------------------------------------
