The backbone torsional angle for nucleic acid 

 
Note: alpha:   O3'(i-1)-P-O5'-C5'
      beta:    P-O5'-C5'-C4'
      gamma:   O5'-C5'-C4'-C3'
      delta:   C5'-C4'-C3'-O3'
      epsilon: C4'-C3'-O3'-P(i+1)
      zeta:    C3'-O3'-P(i+1)-O5'(i+1)

      chi for pyrimidines(Y): O4'-C1'-N1-C2
          chi for purines(R): O4'-C1'-N9-C4

    (The number -9999.99 means that the angle can not be calculated) 

Ch Res  Num    alpha    beta     gamma    delta  epsilon    zeta     chi
A   G    1  -9999.99 -9999.99    58.38    88.76  -163.81   -67.75  -177.93
A   G    2    -73.34  -174.48    56.42    88.43  -161.15   -67.39  -163.70
A   C    3    -83.73  -174.72    54.92    88.78  -167.71   -67.34  -157.54
A   G    4    -67.79   175.64    56.22    87.10  -145.64   -80.82  -153.25
A   C    5    -72.84   163.58    54.56    88.78  -152.81   -85.38  -146.02
A   A    6   -115.55  -101.28    51.80    88.11  -153.67   -69.08   178.77
A   G    7    -88.43  -165.13    55.07    89.00  -154.11  -175.99  -164.99
A   U    8    -65.44  -128.08   176.14    88.24  -101.95  -164.83  -150.53
A   G    9    -59.45  -104.88    64.89    89.03  -166.13   -60.45  -167.02
A   G   10    -82.19  -174.51    56.44    85.58  -165.18   -64.26  -163.44
A   G   11    -70.86   174.59    57.26    85.22  -153.62   -66.67  -162.97
A   C   12    -75.22  -177.22    53.68    84.97  -149.93   -75.07  -161.31
A   U   13    -68.48   160.92    58.29    85.89   -93.98  -149.47  -151.71
A   A   14     79.87   -98.93  -174.67    86.97  -165.79   -80.26   179.75
A   G   15    -53.02   160.88    65.49    90.35  -153.04   -71.88  -166.40
A   C   16    -73.77   173.80    56.32    88.49  -166.52   -73.76  -151.59
A   G   17    -66.43   173.18    56.49    87.67  -135.10   -82.92  -155.37
A   C   18    -71.95   160.01    56.17    87.77  -158.31   -75.33  -155.02
A   C   19    -68.14   158.58    62.94    90.22  -174.35   -88.02  -151.49
A   A   20    -52.52   161.03    68.91    88.87  -130.51  -121.39  -174.94
A   C   21    -38.02   112.90    71.90    91.61   -81.16    88.63  -168.80
A   U   22     65.41  -150.19  -175.20   149.09  -139.79   -78.47  -137.56
A   C   23   -117.07    55.23   171.52   154.64  -156.53  -105.71  -146.07
A   A   24    171.02  -178.60   178.47   158.82  -165.52  -104.40  -149.38
A   A   25    149.80   175.02   178.49   152.90  -148.38   174.04  -150.05
A   A   26    121.89  -104.10  -177.70   151.78  -142.23   -42.58  -154.97
A   G   27     93.53   115.86    67.33    85.57  -168.61   -67.55  -162.53
A   G   28    -70.85   173.83    60.15    84.98  -168.69   -75.42  -163.62
A   C   29    -67.07   171.39    59.40    88.61  -149.06   -80.18  -154.38
A   C   30    -74.78   169.12    57.24    89.06  -145.07   -80.48  -151.46
A   C   31    -73.13   159.85    59.84    89.13  -153.58   -63.79  -152.37
A   G   32    -65.21  -176.11    60.91   153.77 -9999.99 -9999.99  -134.08
