The backbone torsional angle for nucleic acid 

 
Note: alpha:   O3'(i-1)-P-O5'-C5'
      beta:    P-O5'-C5'-C4'
      gamma:   O5'-C5'-C4'-C3'
      delta:   C5'-C4'-C3'-O3'
      epsilon: C4'-C3'-O3'-P(i+1)
      zeta:    C3'-O3'-P(i+1)-O5'(i+1)

      chi for pyrimidines(Y): O4'-C1'-N1-C2
          chi for purines(R): O4'-C1'-N9-C4

    (The number -9999.99 means that the angle can not be calculated) 

Ch Res  Num    alpha    beta     gamma    delta  epsilon    zeta     chi
A   G    1  -9999.99 -9999.99    94.58    80.02  -136.72   -55.21    -0.32
A   U    2    -61.59   164.13    60.02    80.20  -131.15   -84.83  -174.95
A   C    3    -67.33   153.18    62.42    84.96  -123.46  -116.14  -167.60
A   U    4    -20.20   116.23    69.87    87.48  -172.97   -76.95  -161.96
A   A    5    149.44   168.15   163.48    88.35  -118.97   -59.79  -169.16
A   C    6    -57.93   160.86    57.13    83.49  -153.28   -66.69  -162.69
A   C    7    -60.80   177.75    57.97    78.31  -148.26   -72.67  -162.84
A   U    8    -67.32   169.61    58.87    88.54  -138.54  -175.98  -162.23
A   A    9   -167.80   178.83    36.94    91.95  -148.09   -57.01  -175.12
A   U   10    -86.90  -176.55    59.11    85.10  -139.40    41.34  -162.04
A   C   11     85.02   116.33  -176.47    81.57  -161.12   -90.26  -144.26
A   G   12    121.85  -172.67   177.65    85.34  -119.80  -123.29  -176.15
A   G   13    109.31  -106.06  -167.38    81.65   -98.26  -112.98   167.23
A   G   14    120.91  -126.37  -175.44    84.06  -145.15   -77.79   173.03
A   C   15    -65.17  -175.95    47.47    79.68  -147.31   -75.73  -170.44
A   U   16    -68.62   159.79    71.55    83.96  -127.40   -78.92   178.96
A   A   17    -70.36   174.47    58.94    99.05   -18.30   107.32  -133.65
A   A   18    158.60   156.52    73.61    83.63  -131.09   -67.68  -178.30
A   G   19    -57.25   172.94    46.31    85.81  -155.93   -43.16  -157.48
A   G   20    171.23   160.98   167.44    86.01  -142.87   -55.41  -172.54
A   A   21    -79.32  -166.40    52.49    82.30  -147.41   -37.32  -150.74
A   G   22   -132.80    93.16   157.13    90.11  -110.58   -83.18  -178.34
A   C   23    -37.91   142.47    47.95    78.20  -144.90   -83.05  -162.28
A   C   24    -53.66   167.40    53.18    81.67  -140.22  -110.97  -154.89
A   G   25    111.52  -121.05  -163.45    81.52  -101.37   -97.76   165.44
A   U   26    -53.43   153.52    44.03    76.97  -149.73   -77.32  -168.55
A   A   27    -57.38   168.71    51.31    83.12  -163.32   -58.31  -168.12
A   U   28    -73.80  -178.27    54.83    84.99  -177.40   -80.51  -166.96
A   G   29    -69.71  -159.83    45.89    86.73  -159.72   -67.60  -162.25
A   C   30    -70.67   173.03    56.80    79.87  -150.99   -74.48  -169.95
A   G   31    -69.17   178.97    51.75    79.38  -156.72   -67.78  -165.56
A   A   32    -57.28  -173.82    44.24    80.15  -156.18   -60.56  -152.55
A   U   33    -64.03  -178.88    45.04    78.90  -148.16   -68.21  -158.46
A   G   34    -59.32   179.34    42.68    75.95  -140.14   -88.33  -150.39
A   A   35    147.56   179.44    70.59    90.48  -131.76   -79.67  -175.50
A   A   36    -65.03   152.48    65.90    87.51  -154.17   -69.52  -166.56
A   A   37    -74.72   179.97    50.53    88.99  -158.66   -64.65  -147.07
A   G   38    144.85  -133.88   179.65    82.20  -130.31   -82.31  -176.28
A   U   39    -55.37   157.90    51.06    79.19  -150.31   -72.64  -166.07
A   C   40    -55.20  -176.12    39.43    81.54  -175.56   -72.72  -144.49
A   G   41    162.20  -160.85   168.77    81.72  -107.78  -116.89  -177.48
A   C   42    123.97  -133.32  -170.04    91.04  -108.32    47.80  -168.06
A   A   43     80.86   110.07    40.55    82.23  -170.84   123.50   174.51
A   C   44    -30.11  -147.57    55.61    87.74  -168.28  -169.65   174.25
A   G   45    -50.36   164.11    42.15    82.31  -128.26   -76.40   171.51
A   U   46    -65.13   175.50    50.08    81.27  -151.42   -70.46  -173.25
A   A   47    -59.85  -171.69    41.38    82.88  -174.52   -71.72  -152.10
A   C   48    155.38  -155.63   175.05    86.23  -114.29   -41.93   175.70
A   G   49   -117.87    88.21   153.52    85.78  -127.24   -71.46   169.74
A   G   50    -63.91  -178.07    46.51    81.81  -148.39   -76.14  -162.22
A   U   51    -49.71   158.45    56.20    83.43  -165.06   -37.88  -162.58
A   U   52   -155.27   112.85   158.04    89.65  -134.35   -99.70   173.37
A   C   53    151.15  -126.67   164.36    78.05  -136.27  -108.06   172.45
A   U   54     52.25   124.49   -31.53    85.54  -167.20  -129.76  -138.89
A   A   55    161.10  -117.31  -175.61    79.39    90.28    60.68  -144.84
A   U   56    165.17   125.60    48.65    89.13  -114.04   -71.23  -158.95
A   G   57    -69.46  -147.40    50.00    84.37  -166.26   -50.48  -159.84
A   C   58    160.08   175.52   175.60    84.02  -145.79   -75.95  -172.10
A   C   59    -62.58   177.45    48.76    82.88  -149.95   -78.03  -174.43
A   C   60    -63.37   174.24    49.90    79.07  -144.63   -70.09  -167.87
A   G   61    -67.47   168.15    59.44    79.81  -145.01   -83.07  -170.07
A   G   62     52.79  -175.14   -72.43    99.08  -165.19   -42.77  -161.62
A   G   63    -90.62  -173.73    57.99    81.40  -160.09   -61.46  -171.32
A   G   64    -61.91  -170.81    52.02    78.77  -164.61   -63.24  -164.58
A   G   65    162.52  -163.63   156.10    92.78  -105.11   145.48  -176.72
A   A   66     83.13   -69.42  -172.48    78.86    64.76   -27.72   152.37
A   A   67   -101.40  -150.75    62.86    86.36  -163.03   -62.93  -152.98
A   A   68    -78.55  -168.78    51.77    80.04   169.83   171.90    33.23
A   A   69     33.12   124.58    31.71   101.08  -152.03   -29.93  -115.91
A   C   70     69.67   123.98    59.13    86.18 -9999.99 -9999.99  -176.61
