PDB data file name: 1KXK.pdb_new
-----------------------------------------------------------
CRITERIA USED TO GENERATE BASE-PAIR: 
  3.40 --> upper H-bond length limits (ON..ON).
 26.00 --> max. distance between paired base origins.
  2.50 --> max. vertical distance between paired base origins.
 65.00 --> max. angle between paired bases [0-90].
  5.40 --> min. distance between RN9/YN1 atoms.
  8.00 --> max. distance criterion for helix break[0-12]
-----------------------------------------------------------
BASE-PAIR INSTRUCTIONS: 
Column 1 is rnaview assigned base numbers n1_n2, start from 1.
Column 2 & 3 are chain ID & residue number in input PDB file.
Column 4 is for base pair. The left & right are the bases as 
         identified by column 2 & 3 and 5 & 6.
Column 5 & 6 are residue number & chain ID in input PDB file.
Column 7 is for base pair annotation. The standard Watson-Crick
         (W.C.) pairs are annotated as -/- (AU,AT) or +/+ (GC).
         Other pairs are annotated as Leontis_Westhof Classification.
         The three edges: W(Watson-Crick); H(Hoogsteen); S(suger).
         e.g. W/H means the pair is edge of Watson-Crick & Hoogsteen.
Column 8 is glycosidic bond orientation (either cis or trans).
         e.g. 'W/H cis' means the pair is interaction on Watson-Crick
         and Hoogsteen side, glycosidic bond orientation is 'cis'.
Column 9 corresponds to Saenger Classification.

Other columns: 
        Syn sugar-base conformations are annotated as (syn).
        Stacked base pairs are annotated as (stack).
        Non-identified edges are annotated as (.) or (?)
        Tertiary interactions are marked by (!) in the line.
Reference:
Yang et al (2003) Nucleic Acids Research, Vol31,No13,p3450-3461.
-----------------------------------------------------------
BEGIN_base-pair
      3_4, A:     3 C-U     4 A:      stacked
     4_66, A:     4 U-A    66 A: W/H tran        XXIV
     5_65, A:     5 A-G    65 A: H/S tran        XI
     6_64, A:     6 C-G    64 A: +/+ cis         XIX
     7_63, A:     7 C-G    63 A: +/+ cis         XIX
     8_62, A:     8 U-G    62 A: W/W cis         XXVIII
    11_61, A:    11 C-G    61 A: +/+ cis         XIX
    12_60, A:    12 G-C    60 A: +/+ cis         XIX
    13_59, A:    13 G-C    59 A: +/+ cis         XIX
    14_58, A:    14 G-C    58 A: +/+ cis         XIX
    15_57, A:    15 C-G    57 A: +/+ cis         XIX
    16_17, A:    16 U-A    17 A:      stacked
    16_55, A:    16 U-A    55 A: W/H tran        XXIV
    17_18, A:    17 A-A    18 A: S/H cis         n/a
    19_54, A:    19 G-U    54 A: W/W cis         XXVIII
    20_53, A:    20 G-C    53 A: +/+ cis         XIX
    21_52, A:    21 A-U    52 A: -/- cis         XX
    22_51, A:    22 G-U    51 A: W/W cis         XXVIII
    23_50, A:    23 C-G    50 A: +/+ cis         XIX
    24_49, A:    24 C-G    49 A: +/+ cis         XIX
    25_48, A:    25 G-C    48 A: +/+ cis         XIX
    26_27, A:    26 U-A    27 A:      stacked
    26_47, A:    26 U-A    47 A: -/- cis         XX
    27_46, A:    27 A-U    46 A: -/- cis         XX
    28_45, A:    28 U-G    45 A: W/W cis         XXVIII
    29_42, A:    29 G-C    42 A: +/+ cis         XIX
    30_41, A:    30 C-G    41 A: +/+ cis         XIX
    31_40, A:    31 G-C    40 A: +/+ cis         XIX
    32_39, A:    32 A-U    39 A: -/- cis         XX
    33_34, A:    33 U-G    34 A:      stacked
    33_38, A:    33 U-G    38 A: W/W cis         XXVIII
    34_37, A:    34 G-A    37 A: S/H tran        XI
    46_47, A:    46 U-A    47 A:      stacked
    44_45, A:    44 C-G    45 A: S/H cis         !(s_s)
END_base-pair
  The total base pairs =  28 (from   70 bases)
------------------------------------------------
 Standard  WW--cis  WW-tran  HH--cis  HH-tran  SS--cis  SS-tran
       18        5        0        0        0        0        0
  WH--cis  WH-tran  WS--cis  WS-tran  HS--cis  HS-tran
        0        2        0        0        1        2
------------------------------------------------
