PDB data file name: 3WBM.pdb_new
-----------------------------------------------------------
CRITERIA USED TO GENERATE BASE-PAIR: 
  3.40 --> upper H-bond length limits (ON..ON).
 26.00 --> max. distance between paired base origins.
  2.50 --> max. vertical distance between paired base origins.
 65.00 --> max. angle between paired bases [0-90].
  5.40 --> min. distance between RN9/YN1 atoms.
  8.00 --> max. distance criterion for helix break[0-12]
-----------------------------------------------------------
BASE-PAIR INSTRUCTIONS: 
Column 1 is rnaview assigned base numbers n1_n2, start from 1.
Column 2 & 3 are chain ID & residue number in input PDB file.
Column 4 is for base pair. The left & right are the bases as 
         identified by column 2 & 3 and 5 & 6.
Column 5 & 6 are residue number & chain ID in input PDB file.
Column 7 is for base pair annotation. The standard Watson-Crick
         (W.C.) pairs are annotated as -/- (AU,AT) or +/+ (GC).
         Other pairs are annotated as Leontis_Westhof Classification.
         The three edges: W(Watson-Crick); H(Hoogsteen); S(suger).
         e.g. W/H means the pair is edge of Watson-Crick & Hoogsteen.
Column 8 is glycosidic bond orientation (either cis or trans).
         e.g. 'W/H cis' means the pair is interaction on Watson-Crick
         and Hoogsteen side, glycosidic bond orientation is 'cis'.
Column 9 corresponds to Saenger Classification.

Other columns: 
        Syn sugar-base conformations are annotated as (syn).
        Stacked base pairs are annotated as (stack).
        Non-identified edges are annotated as (.) or (?)
        Tertiary interactions are marked by (!) in the line.
Reference:
Yang et al (2003) Nucleic Acids Research, Vol31,No13,p3450-3461.
-----------------------------------------------------------
BEGIN_base-pair
     4_48, X:     4 A-U    23 Y: -/- cis         XX
     5_47, X:     5 A-U    22 Y: -/- cis         XX
     7_45, X:     7 A-U    20 Y: -/- cis         XX
    10_42, X:    10 A-U    17 Y: -/- cis         XX
     9_43, X:     9 C-G    18 Y: +/+ cis         XIX
    13_39, X:    13 C-G    14 Y: +/+ cis         XIX
    19_33, X:    19 C-G     8 Y: +/+ cis         XIX
    21_31, X:    21 C-G     6 Y: +/+ cis         XIX
    24_27, X:    24 C-G     2 Y: +/+ cis         XIX
    25_26, X:    25 C-G     1 Y: +/+ cis         XIX
     1_50, X:     1 G-C    25 Y: +/+ cis         XIX
     2_49, X:     2 G-C    24 Y: +/+ cis         XIX
     6_46, X:     6 G-C    21 Y: +/+ cis         XIX
     8_44, X:     8 G-C    19 Y: +/+ cis         XIX
    14_38, X:    14 G-C    13 Y: +/+ cis         XIX
    18_34, X:    18 G-C     9 Y: +/+ cis         XIX
    17_35, X:    17 U-A    10 Y: -/- cis         XX
    20_32, X:    20 U-A     7 Y: -/- cis         XX
    22_30, X:    22 U-A     5 Y: -/- cis         XX
    23_29, X:    23 U-A     4 Y: -/- cis         XX
    15_37, X:    15 A-C    12 Y: W/W cis         n/a
    12_40, X:    12 C-A    15 Y: W/W cis         n/a
END_base-pair
  The total base pairs =  22 (from   50 bases)
------------------------------------------------
 Standard  WW--cis  WW-tran  HH--cis  HH-tran  SS--cis  SS-tran
       20        2        0        0        0        0        0
  WH--cis  WH-tran  WS--cis  WS-tran  HS--cis  HS-tran
        0        0        0        0        0        0
------------------------------------------------
