The backbone torsional angle for nucleic acid 

 
Note: alpha:   O3'(i-1)-P-O5'-C5'
      beta:    P-O5'-C5'-C4'
      gamma:   O5'-C5'-C4'-C3'
      delta:   C5'-C4'-C3'-O3'
      epsilon: C4'-C3'-O3'-P(i+1)
      zeta:    C3'-O3'-P(i+1)-O5'(i+1)

      chi for pyrimidines(Y): O4'-C1'-N1-C2
          chi for purines(R): O4'-C1'-N9-C4

    (The number -9999.99 means that the angle can not be calculated) 

Ch Res  Num    alpha    beta     gamma    delta  epsilon    zeta     chi
X   G    1  -9999.99 -9999.99    59.52    81.18  -147.17   -71.17  -173.60
X   G    2    -62.41   178.31    54.03    81.12  -102.77  -115.36  -160.34
X   U    3   -117.25   131.10   -56.67    82.96    34.06   160.69  -154.96
X   A    4    -82.97  -121.86    54.51    79.81  -155.51   -81.19  -158.31
X   A    5    -59.69   165.26    56.60    79.65  -163.09   -76.04  -158.52
X   G    6    147.41  -158.14  -176.58    80.53  -147.14   -71.67  -177.36
X   A    7    -64.05  -179.98    53.36    80.87  -152.65   -81.77  -169.37
X   G    8    -58.70   173.42    51.64    81.03  -147.89   -74.14  -164.85
X   C    9    -65.48   167.84    58.27    79.19  -144.61   -75.98  -163.17
X   A   10    -63.17   162.77    62.15    80.20  -144.85   -70.85  -168.89
X   C   11    -63.18   168.54    56.10    80.11  -142.52   -73.07  -161.49
X   C   12    -60.17   161.12    56.90    81.31  -165.41   -87.56  -160.15
X   C   13    -72.73  -178.58    54.33    79.10  -146.55   -69.99  -161.46
X   G   14    -65.55   167.21    60.58    77.15  -155.95   -73.45  -165.35
X   A   15    -66.10   173.30    61.84    77.31  -155.21   -76.98  -169.83
X   C   16    -59.94   174.86    53.90    78.81  -142.12   -68.69  -159.40
X   U   17    -65.97   175.87    50.60    79.49  -151.50   -76.94  -154.78
X   G   18    -63.81   174.89    52.36    82.32  -146.64   -72.88  -162.51
X   C   19    -64.52   171.20    55.15    79.88  -148.18   -76.19  -160.86
X   U   20    -61.81   175.28    49.61    80.11  -146.39   -73.76  -160.27
X   C   21    -62.91   172.62    50.99    79.40  -150.91   -76.30  -160.51
X   U   22    -57.57   173.72    53.63    81.73  -137.88   -79.11  -161.04
X   U   23    -63.59   162.73    55.60    80.59  -146.29   -74.99  -152.02
X   C   24    178.79  -178.51  -177.20    80.01  -150.92   -71.80  -164.40
X   C   25    -64.65   174.64    53.64    80.63 -9999.99 -9999.99  -157.05
Y   G    1  -9999.99 -9999.99    57.51    81.12  -146.29   -73.71  -171.62
Y   G    2    -63.22   175.28    58.64    81.62  -125.42   -70.96  -160.62
Y   U    3    -53.00   175.94    53.64   143.90  -127.02   151.72    54.31
Y   A    4    -67.73   141.50    39.88    80.18  -145.67   -81.29  -161.98
Y   A    5    -53.47   167.77    47.88    80.73  -163.01   -71.80  -149.90
Y   G    6    144.65  -166.28  -176.55    82.19  -138.11   -78.18  -172.07
Y   A    7    -52.72   171.87    45.61    80.30  -160.35   -69.95  -160.12
Y   G    8    162.15  -168.82   167.80    81.56  -128.31   -82.24  -174.81
Y   C    9    -47.41   163.39    45.30    76.94  -150.26   -72.09  -161.86
Y   A   10    -63.26   173.17    53.53    77.76  -147.01   -71.37  -158.48
Y   C   11    -65.27   164.34    63.32    78.37  -146.52   -70.65  -159.71
Y   C   12    -68.29   162.26    66.57    80.02  -155.16   -84.58  -163.55
Y   C   13    -55.79   163.62    55.49    80.30  -151.66   -75.10  -158.30
Y   G   14    -58.97   178.64    42.84    80.85  -164.34   -78.40  -158.04
Y   A   15    140.40  -166.10  -168.39    82.81  -130.87   -74.25  -176.74
Y   C   16    -52.56   171.69    43.06    76.28  -144.66   -70.29  -161.20
Y   U   17    -59.05   170.92    56.33    78.46  -153.92   -74.96  -168.05
Y   G   18    -63.20   175.89    53.52    81.70  -143.71   -71.36  -166.11
Y   C   19    -59.80   173.35    50.83    78.73  -159.72   -81.51  -156.87
Y   U   20    150.53  -156.58   175.68    80.73  -140.73   -69.17  -168.06
Y   C   21    -60.68   174.38    55.89    78.13  -153.55   -78.20  -162.22
Y   U   22    -58.28   177.87    46.63    78.83  -143.97   -83.57  -161.80
Y   U   23    -55.99   158.44    54.14    79.90  -147.09   -72.49  -157.10
Y   C   24    -60.82   171.16    54.52    80.19  -136.91   -83.92  -163.21
Y   C   25    -59.28   165.31    51.19    80.54 -9999.99 -9999.99  -161.04
