PDB data file name: 4GXY.pdb
uncommon residue GTP    1  on chain A [#1] assigned to: g
uncommon residue CCC  172  on chain A [#162] assigned to: c
BEGIN_base-pair
    2_161, A:     2 G-U   171 A: W/W cis         XXVIII
    3_160, A:     3 C-G   170 A: +/+ cis         XIX
    4_159, A:     4 G-C   169 A: +/+ cis         XIX
    5_158, A:     5 G-C   168 A: +/+ cis         XIX
    7_156, A:     7 A-U   166 A: -/- cis         XX
    8_155, A:     8 G-C   165 A: +/+ cis         XIX
     9_31, A:     9 G-A    37 A: S/S tran        n/a
    9_154, A:     9 G-C   164 A: +/+ cis         XIX
   10_153, A:    10 U-G   163 A: W/W cis         XXVIII
    11_34, A:    11 G-G    40 A: W/H cis    syn    VI
   11_150, A:    11 G-C   160 A: H/W tran   syn    n/a
    12_27, A:    12 C-G    33 A: +/+ cis         XIX
    13_26, A:    13 U-A    32 A: -/- cis         XX
    14_25, A:    14 C-G    31 A: +/+ cis         XIX
    14_26, A:    14 C-A    32 A:      stacked
    15_25, A:    15 C-G    31 A:      stacked
    17_22, A:    17 G-C    28 A: +/+ cis         XIX
    18_19, A:    18 A-C    19 A:      stacked
    18_21, A:    18 A-U    27 A: -/- cis         XX
    22_23, A:    28 C-G    29 A:      stacked
    28_32, A:    34 U-A    38 A: W/H tran        XXIV
   33_148, A:    39 A-A   158 A: H/W tran     syn  V
   33_152, A:    39 A-U   162 A: -/- cis         XX
   34_151, A:    40 G-C   161 A: +/+ cis         XIX
    37_58, A:    43 A-G    64 A: S/s cis         n/a
   38_141, A:    44 A-G   151 A: S/S tran        n/a
    39_55, A:    45 G-C    61 A: +/+ cis         XIX
    40_54, A:    46 C-G    60 A: +/+ cis         XIX
    41_53, A:    47 C-G    59 A: +/+ cis         XIX
    42_52, A:    48 G-C    58 A: +/+ cis         XIX
    43_51, A:    49 G-C    57 A: +/+ cis         XIX
    44_48, A:    50 U-A    54 A: W/H tran     syn  XXIV
    45_73, A:    51 G-A    79 A: S/W cis         n/a
    52_53, A:    58 C-G    59 A:      stacked
    55_56, A:    61 C-A    62 A:      stacked
   56_142, A:    62 A-U   152 A: -/- cis         XX
   57_141, A:    63 C-G   151 A: +/+ cis         XIX
    58_66, A:    64 G-C    72 A: +/+ cis         XIX
    59_65, A:    65 G-C    71 A: +/+ cis         XIX
   67_146, A:    73 A-G   156 A: W/W cis         VIII
   68_145, A:    74 C-G   155 A: +/+ cis         XIX
    69_70, A:    75 U-G    76 A:      stacked
   69_144, A:    75 U-A   154 A: -/- cis         XX
   70_143, A:    76 G-C   153 A: +/+ cis         XIX
    71_72, A:    77 U-G    78 A:      stacked
   71_140, A:    77 U-A   150 A: W/H tran        XXIV
   74_138, A:    80 C-G   148 A: +/+ cis         XIX
   75_137, A:    81 G-C   147 A: +/+ cis         XIX
   76_136, A:    82 G-C   146 A: +/+ cis         XIX
    77_78, A:    83 G-G    84 A:   syn  stacked
   78_134, A:    84 G-A   144 A: W/H tran   syn    n/a
   79_133, A:    85 A-G   143 A: H/S tran        XI
   80_129, A:    86 G-C   139 A: +/+ cis         XIX
   81_128, A:    87 U-G   138 A: W/W cis         XXVIII
   82_127, A:    88 C-G   137 A: +/+ cis         XIX
   83_126, A:    89 G-C   136 A: +/+ cis         XIX
   85_124, A:    91 C-G   134 A: W/W cis         n/a
   86_123, A:    92 C-G   133 A: +/+ cis         XIX
   88_121, A:    94 U-A   131 A: -/- cis         XX
   89_120, A:    95 C-G   130 A: +/+ cis         XIX
   95_119, A:   101 G-G   129 A: H/S tran        n/a
   97_118, A:   103 G-C   128 A: +/+ cis         XIX
   98_117, A:   104 C-G   127 A: +/+ cis         XIX
   99_116, A:   105 C-G   126 A: +/+ cis         XIX
  100_113, A:   106 A-G   123 A: H/S tran        XI
  101_112, A:   107 C-G   122 A: +/+ cis         XIX
  102_111, A:   108 U-G   121 A: W/W cis         XXVIII
  102_112, A:   108 U-G   122 A:      stacked
  103_110, A:   109 G-C   120 A: +/+ cis         XIX
  104_109, A:   110 G-C   119 A: +/+ cis         XIX
  105_108, A:   111 C-G   118 A: +/+ cis         XIX
  106_107, A:   112 C-G   117 A: +/+ cis         XIX
  115_145, A:   125 A-G   155 A: S/S cis         n/a
  123_124, A:   133 G-G   134 A:      stacked
  161_162, A:   171 U-c   172 A:      stacked
   11_151, A:    11 G-C   161 A: W/W tran   syn    !1H(b_b)
   49_143, A:    55 G-C   153 A: S/S cis         !1H(b_b)
   49_140, A:    55 G-A   150 A: S/W cis         !(b_s)
   68_115, A:    74 C-A   125 A: S/W tran        !(b_s)
   79_130, A:    85 A-G   140 A: S/S tran        !(b_s)
    11_12, A:    11 G-C    12 A: S/. cis    syn    !(s_s)
    29_31, A:    35 U-A    37 A: S/S tran        !(s_s)
   30_155, A:    36 A-C   165 A: S/s cis         !(s_s)
   31_154, A:    37 A-C   164 A: s/S cis         !(s_s)
    32_33, A:    38 A-A    39 A: S/S tran        !(s_s)
    38_57, A:    44 A-C    63 A: s/S cis         !(s_s)
   68_101, A:    74 C-C   107 A: S/S tran        !(s_s)
    79_80, A:    85 A-G    86 A: S/S cis         !(s_s)
  114_146, A:   124 A-G   156 A: S/s cis         !(s_s)
  130_131, A:   140 G-A   141 A: S/W cis      syn  !(s_s)
END_base-pair

Summary of triplets and higher multiplets
BEGIN_multiplets
9_31_154_| [1 3]  A: 9 G  +  A: 37 A  +  A: 164 C
11_34_151_| [2 3]  A: 11 G  +  A: 40 G  +  A: 161 C
33_148_152_| [3 3]  A: 39 A  +  A: 158 A  +  A: 162 U
37_58_66_| [4 3]  A: 43 A  +  A: 64 G  +  A: 72 C
38_57_141_| [5 3]  A: 44 A  +  A: 63 C  +  A: 151 G
68_115_145_| [6 3]  A: 74 C  +  A: 125 A  +  A: 155 G
11_34_150_| [7 3]  A: 11 G  +  A: 40 G  +  A: 160 C
END_multiplets
  The total base pairs =  63 (from  162 bases)
------------------------------------------------
 Standard  WW--cis  WW-tran  HH--cis  HH-tran  SS--cis  SS-tran
       42        6        0        0        0        2        2
  WH--cis  WH-tran  WS--cis  WS-tran  HS--cis  HS-tran
        1        6        1        0        0        3
------------------------------------------------
