PDB data file name: 6T3R.pdb_new
-----------------------------------------------------------
CRITERIA USED TO GENERATE BASE-PAIR: 
  3.40 --> upper H-bond length limits (ON..ON).
 26.00 --> max. distance between paired base origins.
  2.50 --> max. vertical distance between paired base origins.
 65.00 --> max. angle between paired bases [0-90].
  5.40 --> min. distance between RN9/YN1 atoms.
  8.00 --> max. distance criterion for helix break[0-12]
-----------------------------------------------------------
BASE-PAIR INSTRUCTIONS: 
Column 1 is rnaview assigned base numbers n1_n2, start from 1.
Column 2 & 3 are chain ID & residue number in input PDB file.
Column 4 is for base pair. The left & right are the bases as 
         identified by column 2 & 3 and 5 & 6.
Column 5 & 6 are residue number & chain ID in input PDB file.
Column 7 is for base pair annotation. The standard Watson-Crick
         (W.C.) pairs are annotated as -/- (AU,AT) or +/+ (GC).
         Other pairs are annotated as Leontis_Westhof Classification.
         The three edges: W(Watson-Crick); H(Hoogsteen); S(suger).
         e.g. W/H means the pair is edge of Watson-Crick & Hoogsteen.
Column 8 is glycosidic bond orientation (either cis or trans).
         e.g. 'W/H cis' means the pair is interaction on Watson-Crick
         and Hoogsteen side, glycosidic bond orientation is 'cis'.
Column 9 corresponds to Saenger Classification.

Other columns: 
        Syn sugar-base conformations are annotated as (syn).
        Stacked base pairs are annotated as (stack).
        Non-identified edges are annotated as (.) or (?)
        Tertiary interactions are marked by (!) in the line.
Reference:
Yang et al (2003) Nucleic Acids Research, Vol31,No13,p3450-3461.
-----------------------------------------------------------
BEGIN_base-pair
    42_64, A:    43 A-U    65 A: -/- cis         XX
   53_201, A:    54 A-U   202 A: -/- cis         XX
   55_199, A:    56 A-U   200 A: -/- cis         XX
   56_198, A:    57 A-U   199 A: -/- cis         XX
  148_224, A:   149 A-U   225 A: -/- cis         XX
  162_213, A:   163 A-U   214 A: -/- cis         XX
  165_210, A:   166 A-U   211 A: -/- cis         XX
  166_209, A:   167 A-U   210 A: -/- cis         XX
  170_194, A:   171 A-U   195 A: -/- cis         XX
  180_393, A:   181 A-U     0 B: -/- cis         XX
  183_390, A:   184 A-U    -3 B: -/- cis         XX
  329_351, A:   330 A-U   352 A: -/- cis         XX
  355_386, A:   356 A-U   387 A: -/- cis         XX
  363_378, A:   364 A-U   379 A: -/- cis         XX
  365_374, A:   366 A-U   375 A: -/- cis         XX
    5_265, A:     6 C-G   266 A: +/+ cis         XIX
    6_264, A:     7 C-G   265 A: +/+ cis         XIX
    7_263, A:     8 C-G   264 A: +/+ cis         XIX
   10_107, A:    11 C-G   108 A: +/+ cis         XIX
   18_251, A:    19 C-G   252 A: +/+ cis         XIX
   22_247, A:    23 C-G   248 A: +/+ cis         XIX
    43_63, A:    44 C-G    64 A: +/+ cis         XIX
   52_202, A:    53 C-G   203 A: +/+ cis         XIX
   68_117, A:    69 C-G   118 A: +/+ cis         XIX
   69_116, A:    70 C-G   117 A: +/+ cis         XIX
   73_112, A:    74 C-G   113 A: +/+ cis         XIX
   75_110, A:    76 C-G   111 A: +/+ cis         XIX
    84_97, A:    85 C-G    98 A: +/+ cis         XIX
    85_96, A:    86 C-G    97 A: +/+ cis         XIX
  122_242, A:   123 C-G   243 A: +/+ cis         XIX
  123_241, A:   124 C-G   242 A: +/+ cis         XIX
  126_238, A:   127 C-G   239 A: +/+ cis         XIX
  130_231, A:   131 C-G   232 A: +/+ cis         XIX
  144_228, A:   145 C-G   229 A: +/+ cis         XIX
  156_219, A:   157 C-G   220 A: +/+ cis         XIX
  164_211, A:   165 C-G   212 A: +/+ cis         XIX
  271_280, A:   272 C-G   281 A: +/+ cis         XIX
  302_315, A:   303 C-G   316 A: +/+ cis         XIX
  303_314, A:   304 C-G   315 A: +/+ cis         XIX
  327_353, A:   328 C-G   354 A: +/+ cis         XIX
  336_343, A:   337 C-G   344 A: +/+ cis         XIX
  356_385, A:   357 C-G   386 A: +/+ cis         XIX
  359_382, A:   360 C-G   383 A: +/+ cis         XIX
  360_381, A:   361 C-G   382 A: +/+ cis         XIX
  366_373, A:   367 C-G   374 A: +/+ cis         XIX
  367_372, A:   368 C-G   373 A: +/+ cis         XIX
    2_260, A:     3 G-C   261 A: +/+ cis      syn  XIX
    8_262, A:     9 G-C   263 A: +/+ cis         XIX
    9_261, A:    10 G-C   262 A: +/+ cis         XIX
   13_256, A:    14 G-C   257 A: +/+ cis         XIX
   17_252, A:    18 G-C   253 A: +/+ cis         XIX
   20_249, A:    21 G-C   250 A: +/+ cis         XIX
    27_39, A:    28 G-C    40 A: +/+ cis         XIX
    28_38, A:    29 G-C    39 A: +/+ cis         XIX
    29_37, A:    30 G-C    38 A: +/+ cis         XIX
    45_61, A:    46 G-C    62 A: +/+ cis         XIX
   50_204, A:    51 G-C   205 A: +/+ cis         XIX
   51_203, A:    52 G-C   204 A: +/+ cis         XIX
   54_200, A:    55 G-C   201 A: +/+ cis         XIX
   67_118, A:    68 G-C   119 A: +/+ cis         XIX
   74_111, A:    75 G-C   112 A: +/+ cis         XIX
   79_101, A:    80 G-C   102 A: +/+ cis         XIX
    88_93, A:    89 G-C    94 A: +/+ cis         XIX
  132_229, A:   133 G-C   230 A: +/+ cis         XIX
  134_140, A:   135 G-C   141 A: +/+ cis         XIX
  154_179, A:   155 G-C   180 A: +/+ cis         XIX
  160_215, A:   161 G-C   216 A: +/+ cis         XIX
  168_196, A:   169 G-C   197 A: +/+ cis         XIX
  169_195, A:   170 G-C   196 A: +/+ cis         XIX
  174_189, A:   175 G-C   190 A: +/+ cis         XIX
  266_285, A:   267 G-C   286 A: +/+ cis         XIX
  273_278, A:   274 G-C   279 A: +/+ cis         XIX
  293_322, A:   294 G-C   323 A: +/+ cis         XIX
  306_311, A:   307 G-C   312 A: +/+ cis         XIX
  330_350, A:   331 G-C   351 A: +/+ cis         XIX
  334_345, A:   335 G-C   346 A: +/+ cis         XIX
  335_344, A:   336 G-C   345 A: +/+ cis         XIX
  337_342, A:   338 G-C   343 A: +/+ cis         XIX
  361_380, A:   362 G-C   381 A: +/+ cis         XIX
   16_253, A:    17 U-A   254 A: -/- cis         XX
   21_248, A:    22 U-A   249 A: -/- cis         XX
   23_246, A:    24 U-A   247 A: -/- cis         XX
    44_62, A:    45 U-A    63 A: -/- cis         XX
    46_60, A:    47 U-A    61 A: -/- cis         XX
    81_99, A:    82 U-A   100 A: -/- cis         XX
    83_98, A:    84 U-A    99 A: -/- cis         XX
    87_94, A:    88 U-A    95 A: -/- cis         XX
  124_240, A:   125 U-A   241 A: -/- cis         XX
  125_239, A:   126 U-A   240 A: -/- cis         XX
  129_232, A:   130 U-A   233 A: -/- cis         XX
  131_230, A:   132 U-A   231 A: -/- cis         XX
  145_227, A:   146 U-A   228 A: -/- cis         XX
  146_226, A:   147 U-A   227 A: -/- cis         XX
  157_218, A:   158 U-A   219 A: -/- cis         XX
  161_214, A:   162 U-A   215 A: -/- cis         XX
  175_188, A:   176 U-A   189 A: -/- cis         XX
  177_186, A:   178 U-A   187 A: -/- cis         XX
  181_392, A:   182 U-A    -1 B: -/- cis         XX
  270_281, A:   271 U-A   282 A: -/- cis         XX
  272_279, A:   273 U-A   280 A: -/- cis         XX
  294_321, A:   295 U-A   322 A: -/- cis         XX
  357_384, A:   358 U-A   385 A: -/- cis         XX
  362_379, A:   363 U-A   380 A: -/- cis         XX
  269_282, A:   270 G-A   283 A: W/W cis         VIII
   14_255, A:    15 G-U   256 A: W/W cis         XXVIII
   15_254, A:    16 G-U   255 A: W/W cis         XXVIII
   78_102, A:    79 G-U   103 A: W/W cis         XXVIII
   80_100, A:    81 G-U   101 A: W/W cis         XXVIII
    86_95, A:    87 G-U    96 A: W/W cis         XXVIII
  127_237, A:   128 G-U   238 A: W/W cis         XXVIII
  128_233, A:   129 G-U   234 A: W/W cis         XXVIII
  155_220, A:   156 G-U   221 A: W/W cis         XXVIII
  358_383, A:   359 G-U   384 A: W/W cis         XXVIII
  161_215, A:   162 U-C   216 A: W/W cis         XVIII
    3_106, A:     4 U-G   107 A: W/W cis         XXVIII
  163_212, A:   164 U-G   213 A: W/W cis         XXVIII
  167_208, A:   168 U-G   209 A: W/W cis         XXVIII
  171_193, A:   172 U-G   194 A: W/W cis         XXVIII
  297_319, A:   298 U-G   320 A: W/W cis      syn  XXVIII
  331_349, A:   332 U-G   350 A: W/W cis         XXVIII
  364_377, A:   365 U-G   378 A: W/W cis         XXVIII
  184_389, A:   185 C-G    -4 B: W/W tran     syn  XXII
  268_284, A:   269 G-U   285 A: W/W tran        XXVII
   65_120, A:    66 U-A   121 A: W/W tran     syn  XXI
    89_92, A:    90 G-A    93 A: W/H tran        n/a
  287_358, A:   288 G-G   359 A: W/H tran        VII
    25_41, A:    26 U-A    42 A: W/H tran        XXIV
    30_34, A:    31 U-A    35 A: W/H tran     syn  XXIV
  300_317, A:   301 U-A   318 A: W/H tran        XXIV
   49_197, A:    50 A-U   198 A: H/W cis         XXIII
  109_258, A:   110 A-U   259 A: H/W cis    syn    XXIII
  153_221, A:   154 A-A   222 A: H/W tran        V
   11_257, A:    12 A-U   258 A: H/W tran        XXIV
    48_58, A:    49 A-U    59 A: H/W tran        XXIV
  137_149, A:   138 A-U   150 A: H/W tran   syn    XXIV
  267_284, A:   268 A-U   285 A: H/W tran        XXIV
  332_346, A:   333 A-U   347 A: H/W tran   syn    XXIV
  298_318, A:   299 A-A   319 A: H/H tran        II
  359_376, A:   360 C-C   377 A: H/S cis         n/a
   66_119, A:    67 A-A   120 A: H/S tran        n/a
  173_190, A:   174 A-A   191 A: H/S tran        n/a
    26_40, A:    27 A-G    41 A: H/S tran        XI
   72_113, A:    73 A-G   114 A: H/S tran        XI
   77_103, A:    78 A-G   104 A: H/S tran        XI
  121_243, A:   122 A-G   244 A: H/S tran        XI
  259_377, A:   260 A-G   378 A: H/S tran        XI
  291_324, A:   292 A-G   325 A: H/S tran        XI
  292_323, A:   293 A-G   324 A: H/S tran        XI
  354_387, A:   355 A-G   388 A: H/S tran        XI
   76_108, A:    77 A-A   109 A: S/W cis         n/a
  289_326, A:   290 A-A   327 A: S/W cis         n/a
    4_259, A:     5 G-A   260 A: S/W cis         n/a
   31_244, A:    32 G-A   245 A: S/W tran        X
   50_207, A:    51 G-A   208 A: S/W tran        X
  152_223, A:   153 G-A   224 A: S/W tran     syn  X
  368_371, A:   369 G-C   372 A: S/W tran        n/a
  338_341, A:   339 U-G   342 A: S/W tran     syn  n/a
  347_348, A:   348 A-A   349 A: S/H cis         n/a
    47_59, A:    48 G-A    60 A: S/H tran        XI
  172_191, A:   173 G-A   192 A: S/H tran        XI
  274_277, A:   275 G-A   278 A: S/H tran        XI
   23_120, A:    24 U-A   121 A: S/H tran     syn  n/a
   70_115, A:    71 U-C   116 A: S/H tran        n/a
   66_247, A:    67 A-G   248 A: S/S tran        n/a
   92_280, A:    93 A-G   281 A: S/S tran        n/a
  105_373, A:   106 A-G   374 A: S/S tran        n/a
  127_173, A:   128 G-A   174 A: S/S tran        n/a
  178_219, A:   179 G-G   220 A: S/S tran        IV
END_base-pair

Summary of triplets and higher multiplets
BEGIN_multiplets
4_259_364_377_| [1 4]  A: 5 G  +  A: 260 A  +  A: 365 U  +  A: 378 G
22_66_247_| [2 3]  A: 23 C  +  A: 67 A  +  A: 248 G
23_65_120_246_| [3 4]  A: 24 U  +  A: 66 U  +  A: 121 A  +  A: 247 A
22_66_119_| [4 3]  A: 23 C  +  A: 67 A  +  A: 120 A
89_92_271_280_| [5 4]  A: 90 G  +  A: 93 A  +  A: 272 C  +  A: 281 G
91_272_279_| [6 3]  A: 92 G  +  A: 273 U  +  A: 280 A
105_366_373_| [7 3]  A: 106 A  +  A: 367 C  +  A: 374 G
127_173_190_237_| [8 4]  A: 128 G  +  A: 174 A  +  A: 191 A  +  A: 238 U
156_178_219_| [9 3]  A: 157 C  +  A: 179 G  +  A: 220 G
48_168_196_| [10 3]  A: 49 A  +  A: 169 G  +  A: 197 C
287_358_383_| [11 3]  A: 288 G  +  A: 359 G  +  A: 384 U
359_376_382_| [12 3]  A: 360 C  +  A: 377 C  +  A: 383 G
END_multiplets

  The total base pairs = 170 (from  393 bases)
------------------------------------------------
 Standard  WW--cis  WW-tran  HH--cis  HH-tran  SS--cis  SS-tran
      103       18        3        0        1        2        5
  WH--cis  WH-tran  WS--cis  WS-tran  HS--cis  HS-tran
        2       11        3        5        2       15
------------------------------------------------
