The backbone torsional angle for nucleic acid 

 
Note: alpha:   O3'(i-1)-P-O5'-C5'
      beta:    P-O5'-C5'-C4'
      gamma:   O5'-C5'-C4'-C3'
      delta:   C5'-C4'-C3'-O3'
      epsilon: C4'-C3'-O3'-P(i+1)
      zeta:    C3'-O3'-P(i+1)-O5'(i+1)

      chi for pyrimidines(Y): O4'-C1'-N1-C2
          chi for purines(R): O4'-C1'-N9-C4

    (The number -9999.99 means that the angle can not be calculated) 

Ch Res  Num    alpha    beta     gamma    delta  epsilon    zeta     chi
A   U    2  -9999.99   151.28   141.19    83.70   -84.47  -126.63  -114.28
A   G    3     81.65   149.77    59.31    80.09  -138.68   -55.31   178.24
A   U    4    -72.27   173.17    61.24    85.97  -117.25   -94.41  -164.29
A   G    5    -45.07   148.44    61.17   146.41   -78.71  -103.65  -115.37
A   C    6     49.50   133.49     3.95    81.07  -158.85   -68.13  -163.72
A   C    7    -72.63  -176.06    55.03    81.93  -146.80   -74.21  -168.96
A   C    8    -67.17   174.11    54.78    79.81  -144.51   -74.57  -159.84
A   G    9    -70.55   164.28    61.70    77.13  -143.54   -88.26  -169.86
A   G   10    -35.60   159.08    47.83    80.28  -127.38   -88.72  -166.73
A   C   11    -52.00   153.04    50.90    75.74  -136.78   -67.19  -150.15
A   A   12   -117.68   126.24  -177.30   146.55  -144.15  -135.31  -137.05
A   U   13    132.68  -148.03    64.05   146.44   -91.34  -104.32  -116.46
A   G   14    -81.92  -176.14    51.00    81.63  -147.42   -74.15  -170.69
A   G   15    -58.74   175.99    50.79    78.31  -158.09   -80.65  -167.61
A   G   16    161.87  -163.34   172.31    80.65  -116.45   -89.75   176.75
A   U   17    -39.63   150.32    45.24    77.34  -138.10   -96.15  -168.09
A   G   18    -36.93   154.45    41.14    81.57  -137.68   -90.61  -171.32
A   C   19    -46.65   157.97    49.28    79.75  -146.69   -73.51  -159.89
A   A   20    -66.26   165.80    57.68    80.35  -145.69   -74.36  -162.40
A   G   21    -68.59   172.94    59.24    78.38  -154.90   -78.63  -156.31
A   U   22    -69.44   164.52    61.65    77.81  -145.64   -61.82  -159.35
A   C   23    -72.99   169.12    79.44    74.03  -147.64   -78.88  -163.85
A   U   24    -76.68   175.82    68.82    82.58  -123.90  -158.58  -160.59
A   A   25    -60.67   134.17    69.61   146.69  -139.81    97.36  -119.82
A   U   26     25.63  -174.09    60.52    85.48  -146.30   -64.68  -172.10
A   A   27    -70.24   174.80    56.61    79.01  -127.91   -56.43  -163.41
A   G   28    -70.36   154.00    76.31    78.05  -147.10   -60.93  -167.09
A   G   29   -128.02   151.45   125.10    78.82  -118.15  -102.21   175.59
A   G   30    -37.27   136.86    57.24    78.18  -128.91   -94.04  -177.63
A   U   31    -42.45   157.02    45.43    79.94  -121.07   -79.84  -157.95
A   G   32    -44.99   151.35    47.77    77.66  -139.18   -52.88  -149.87
A   A   33    176.30   139.00    51.52    85.85  -129.08   -79.56  -161.61
A   G   34    -56.23   152.41    59.86    84.80  -133.93   -58.95  -152.06
A   A   35    -61.05  -137.07    41.88   142.82  -128.32   168.70   -72.60
A   G   36    107.09  -139.57    64.84    87.08  -145.25   -71.84  -178.13
A   U   37    -59.59  -178.92    59.83   142.03  -106.47   -69.09  -124.06
A   C   38    -89.66  -179.15    45.77    84.36  -152.15   -72.68  -169.83
A   C   39    -75.59   174.76    64.47    82.83  -134.34   -97.51  -158.45
A   C   40     83.76  -140.88  -123.89    91.38  -116.66   -62.99  -176.49
A   G   41    -49.60   156.86    48.37    79.64  -149.45  -101.20  -154.55
A   A   42   -111.65    91.71   146.55    84.45  -100.80   -49.03   168.93
A   A   43    -64.53   166.88    57.26    80.27  -138.47   -82.66  -159.80
A   C   44    -62.30   162.69    53.93    78.88  -148.38   -70.50  -162.36
A   U   45    -62.95   175.19    48.38    77.89  -145.51   -79.46  -165.17
A   G   46    -52.68   164.93    51.04    79.21  -142.71   -77.48  -171.59
A   U   47    -57.70   160.75    63.37    78.52  -137.97   -57.08  -169.88
A   G   48    -80.11   178.34    59.14    81.51  -163.18   -93.10  -143.25
A   A   49   -107.07   107.49   131.14    80.05  -109.14  -120.24   177.52
A   A   50    -10.76  -109.82   -80.89   153.30  -108.71  -174.47  -105.15
A   G   51      6.91  -164.11    56.79    82.79  -147.76   -62.93  -178.60
A   G   52    -73.70  -168.97    54.98    79.40  -142.05   -77.12  -168.51
A   C   53    -62.37   166.27    57.65    78.59  -150.89   -65.55  -166.32
A   A   54    -65.06  -173.15    38.44    77.67  -160.03   -81.82  -159.81
A   G   55    125.72  -153.71  -153.69    84.27  -119.45   -85.00   179.18
A   A   56    -45.19   159.94    49.82    78.74  -164.06   -70.82  -163.75
A   A   57    144.89  -159.57  -162.61    84.74  -106.65   -69.12  -170.32
A   G   58    -47.99   148.37    67.48   148.94  -165.82   153.38  -111.51
A   U   59    -59.39   142.16    40.57    83.35  -134.58   -77.92  -171.35
A   A   60    -69.56   177.87    52.00    81.64  -125.46   -73.49  -166.21
A   A   61    -57.00   151.56    58.43    83.20  -141.55   -79.98  -169.06
A   C   62    -53.54   171.50    45.21    81.77  -147.80   -76.89  -167.57
A   A   63    -65.11   166.83    58.76    80.99  -156.75   -71.73  -160.78
A   G   64    -72.70   176.93    61.81    85.41  -147.78   -59.95  -169.47
A   U   65    -83.24   174.36    68.29    79.75  -116.61    60.06  -152.88
A   U   66   -110.44   -78.75   -53.18    80.11  -151.95   -78.63  -170.14
A   A   67    -63.15   171.38    57.89    85.08  -135.01   -50.70  -140.31
A   G   68    125.12  -149.06  -164.93    81.30  -140.58   -91.38  -174.19
A   C   69    -51.12   163.74    52.69    78.88  -159.81   -75.62  -160.94
A   C   70    147.51  -164.83  -173.98    79.67  -126.76   -84.28  -175.09
A   U   71    -37.11   154.40    51.55    84.21  -171.86   -94.69  -161.80
A   A   72    -58.44  -174.59    55.75    81.61  -142.79   -65.49  -175.03
A   A   73    -65.41   171.13    51.60    80.12  -132.45   -51.67  -166.43
A   C   74    -65.14   167.44    63.45    78.96  -143.99   -83.41  -164.96
A   G   75    -48.99   164.64    46.98    77.17  -143.31   -77.87  -167.59
A   C   76    -52.87   160.45    61.39    77.00  -131.44   -64.21  -156.96
A   A   77    -61.10   160.87    68.01    80.78  -160.73  -119.25  -149.53
A   A   78    -61.92   166.99    48.86    81.94  -130.80   -56.88  -157.50
A   G   79    -66.02   159.94    66.84    76.76  -140.66   -81.96  -177.75
A   G   80    -53.90   167.11    52.59    80.41  -145.21   -82.17  -178.92
A   G   81    -55.40   173.12    59.57    80.78  -144.11   -64.16  -173.54
A   U   82    -70.21  -174.12    47.50    79.56    41.90   177.48  -152.33
A   G   83    -31.92  -116.35    57.96   146.94   -31.41  -160.89   146.69
A   U   84      1.64   128.46    15.61    78.19  -133.06   -96.76  -157.84
A   C   85    -60.30   152.05    62.55    77.95  -145.81   -77.13  -163.33
A   C   86    -62.94   177.75    49.31    79.48  -153.72   -79.66  -159.00
A   G   87    -55.14   172.44    49.86    76.99  -136.90   -70.08  -164.56
A   U   88    -56.70   165.04    57.32    77.30  -141.50   -83.09  -162.29
A   G   89    -64.40   172.80    45.11    79.89  -143.16   -75.78  -161.69
A   G   90    -58.26   168.83    49.00    77.20  -129.87   -78.45  -157.25
A   C   91    145.51   162.32    69.75    84.64  -129.15   -67.67  -150.69
A   G   92    -58.42   156.76    63.54    85.06  -138.90   -95.45  -142.15
A   A   93    -54.70   155.85    49.29    82.36  -140.93   -56.92  -129.58
A   C   94    157.33  -137.15   174.30    81.78  -148.02   -81.97  -163.54
A   A   95    -52.33   167.12    50.54    82.06  -138.04   -81.01  -157.43
A   U   96    -52.02   156.27    54.05    78.63  -144.06   -80.11  -160.36
A   G   97    -60.20   171.30    42.29    75.51  -142.89   -74.69  -164.69
A   G   98    -76.03   151.73    86.61    76.48  -141.57   -76.45   177.28
A   A   99    -57.74   179.40    49.20    80.53  -142.91   -66.28  -164.84
A   A  100    -67.86   172.09    55.23    82.10  -134.96   -66.55  -154.57
A   U  101    -63.07   161.68    64.66    77.57  -149.09   -81.00  -152.66
A   C  102    -69.53   162.58    58.49    76.34  -149.76   -67.40  -155.02
A   U  103    -67.35   166.37    68.09    78.21  -133.89   -85.04  -164.84
A   G  104    -56.24   156.84    54.13    84.85  -103.49    85.66  -162.30
A   A  105   -133.87  -169.26    59.50    90.65  -134.27   -74.97   -68.55
A   A  106   -176.33   171.34    50.90    82.86  -140.26  -146.00   -96.98
A   G  107    -27.38   145.20    44.52    87.73  -117.03   171.16   112.17
A   G  108    -94.57  -125.00    47.60   150.54  -144.43  -170.14  -112.45
A   A  109     55.63   153.74    65.55    88.06  -154.80    88.24  -160.48
A   A  110     43.72  -139.39   -65.02   145.71  -132.98    66.18    59.40
A   G  111     59.86  -163.40   -49.51    84.39  -150.49   -76.17  -172.74
A   C  112    -59.92   176.20    48.35    80.97  -142.52   -55.35  -164.58
A   G  113   -105.83   150.52   113.41    77.61  -126.33   -69.38   174.62
A   G  114    -55.25   163.89    51.68    86.39  -121.87   -96.75  -159.79
A   A  115    -41.22   154.94    53.73   143.78  -133.08   165.27   -99.88
A   C  116    -95.66   163.21    39.19    80.96  -118.71   -47.96  -162.97
A   G  117    -71.16   147.45    91.54    79.67  -138.65   -87.26  -175.95
A   G  118    -66.39   165.10    63.90    80.35  -149.21   -64.22  -167.76
A   C  119    -67.49   175.26    59.93    74.26  -149.44   -72.39  -158.83
A   A  120    -60.31   167.13    59.16    81.07  -103.68  -170.98  -163.91
A   A  121    -41.54   171.73    30.94   146.08   -90.20   168.50    52.88
A   A  122    -48.36   175.03    40.03    80.91  -135.63   -45.74  -161.43
A   C  123   -109.60   162.54    94.30    80.84  -154.99   -66.75  -167.09
A   C  124    -79.02  -171.34    59.29    79.59  -155.43   -71.91  -153.51
A   U  125    -64.16   176.54    52.69    79.19  -143.65   -76.11  -161.23
A   U  126    -63.15   170.94    52.73    80.80  -155.25   -74.80  -170.70
A   C  127    -61.53   169.47    61.60    79.46  -156.52   -65.45  -166.23
A   G  128    120.80   175.64  -136.23    80.72  -143.03   -66.16  -176.14
A   G  129    -72.48   170.36    61.81    81.69  -150.71   -66.81  -166.87
A   U  130    -74.25   177.02    58.10    82.18  -151.54   -72.51  -164.02
A   C  131    -62.75   164.23    65.29    80.46  -151.64   -71.35  -163.93
A   U  132    -61.83   173.45    53.85    79.33  -146.72   -71.07  -155.41
A   G  133    -66.96   178.96    46.09    76.71  -123.79    62.02  -152.83
A   A  134    169.73  -127.09   169.76    85.33  -129.84   -68.66   174.00
A   G  135    -55.70   164.30    44.61    82.53  -120.81   -83.23  -150.94
A   G  136    -37.27   150.43    42.09    80.53  -113.76   -65.86  -142.00
A   A  137   -150.68   130.61   -66.70    76.15    75.10   -56.66    40.65
A   A  138   -167.40   144.23   129.31    86.49  -149.72   107.26   -88.09
A   C  139      8.22  -158.32  -113.27    82.30  -145.33   -39.02  -167.40
A   A  140   -139.60   179.99   110.61    81.04  -124.12   -60.82  -179.94
A   C  141    -60.56   168.72    54.28    78.43  -140.80   -48.10  -176.08
A   G  142    -73.76   177.88    71.99    79.43  -136.40   -74.36  -145.81
A   A  143    165.01   166.81    52.09    83.62  -134.39   -72.07   177.30
A   A  144    -69.44   168.49    62.63    89.34  -126.87   173.70  -151.44
A   C  145     31.59  -150.65   -56.47    80.28  -143.32   -73.45  -151.61
A   U  146    -67.00  -174.79    44.61    84.14  -141.64   -85.94  -156.57
A   U  147    -45.01   163.89    38.08    80.74  -166.01   -97.21  -147.72
A   C  148    159.16  -130.80   159.11    79.78  -127.80   -99.69  -166.63
A   A  149    -38.44   151.50    41.53    77.76  -133.50   -83.05   179.97
A   U  150    -42.02   161.40    42.86    77.09  -121.24  -140.30  -172.42
A   A  151     46.42  -173.90   -73.19   146.83  -153.97    89.17    59.28
A   U  152     76.86  -127.36    24.01   134.55    32.76  -167.11  -164.55
A   G  153    -22.32   141.71    20.35   140.74  -117.30    95.79  -107.81
A   A  154    -80.31   163.73    39.97    80.96  -115.63   -59.89  -164.26
A   G  155    -58.92   154.55    63.55    80.49  -144.58   -72.91  -165.13
A   G  156    -62.94   168.70    55.54    79.98  -141.55   -78.45  -169.69
A   C  157    -59.71   155.69    65.62    82.22  -157.99   -65.22  -162.87
A   U  158    -91.31  -161.95    52.18    82.10  -151.70   -76.71  -152.87
A   A  159    -56.87   176.50    43.46    75.53  -139.31   -86.33    33.40
A   G  160     83.83  -137.25  -110.66    78.37  -139.76   -50.93    20.17
A   G  161    -72.99  -179.87    47.58    76.66  -150.75   -53.91  -156.35
A   U  162   -133.34   140.02   135.98    79.67   -94.96  -114.92  -172.37
A   A  163     -2.27   136.60     9.41    79.23  -148.74   -77.19  -162.99
A   U  164    -56.29   157.64    67.33    78.84  -105.69  -129.58  -145.38
A   C  165     80.76  -109.18  -161.36    80.70  -118.46   -50.19  -161.10
A   A  166   -111.69   131.20   133.23    79.99   -89.76  -123.40   168.28
A   A  167     88.41   -96.40  -149.47    82.74  -104.57  -104.75   171.76
A   U  168      5.79   144.63    13.10   140.22     4.22  -178.35  -115.84
A   G  169    -51.52   147.89    28.22    77.40  -141.16   -75.25  -157.88
A   G  170    -57.21   161.14    51.15    74.79  -148.33   -73.13  -169.42
A   A  171    -57.08   175.88    53.27    78.33  -143.20   -68.90  -171.16
A   U  172    -57.11   168.27    56.34    77.52  -114.47   -75.69  -159.78
A   G  173    -40.75   158.21    41.79    81.06  -136.66  -100.57  -138.12
A   A  174   -119.73   106.90   113.93    77.67  -129.22   -53.04  -160.32
A   G  175    -64.59   157.82    73.11    82.29  -142.22   -82.61  -171.95
A   U  176    -63.67   170.90    55.59    80.15  -148.46   -70.28  -165.14
A   U  177    -75.06   174.81    59.68    80.32  -150.69   -72.04  -159.89
A   U  178    -62.82   173.49    58.71    82.04  -146.11   142.45  -162.46
A   G  179    -70.08   144.87    50.94    76.45  -113.28    85.59  -176.83
A   C  180    100.36  -111.23   154.89    77.90   -85.03  -120.65  -160.30
A   A  181     46.20  -141.94    60.41    83.74  -144.40   -68.40  -163.25
A   U  182    -66.24   168.98    57.47    76.60  -137.82   -80.21  -161.20
A   A  183    -62.45   168.42    51.61    79.14  -152.72   -78.13  -169.43
A   A  184    -57.06   171.50    54.32    81.50  -141.86   -80.60  -162.31
A   C  185    -56.58   161.24    57.21    81.26  -146.14   -68.06  -152.69
A   A  186    -66.31   171.83    54.33    80.11  -126.93   -87.93  -170.03
A   A  187    -54.52   153.52    50.56    82.70  -144.57   -77.30  -161.55
A   A  188    -62.45   166.08    54.70    79.28  -150.79   -73.80  -164.11
A   A  189    -69.99   169.26    58.88    80.25  -149.42   -65.54  -163.41
A   C  190    -66.15   169.92    65.09    78.31  -143.66   -71.27  -164.08
A   A  191    -57.70   164.28    56.51    80.75  -177.11  -109.84  -168.19
A   A  192    -42.50   175.68    53.97    87.20  -119.22   -88.99  -171.50
A   A  193    -47.26   146.90    47.69    82.55  -136.07   -70.60  -154.48
A   G  194    -62.95   166.55    55.30    78.08  -177.47   -76.04  -151.95
A   U  195    143.34  -158.31  -172.58    80.48  -141.89   -78.66  -169.03
A   C  196    -55.73   175.73    42.34    78.51  -140.71   -84.58  -165.20
A   C  197    -67.85   164.11    63.18    81.93  -142.06   -79.18  -164.25
A   U  198    -68.28  -174.82    64.88   143.10   -72.07    94.73  -129.58
A   U  199     95.37   128.24  -165.72    79.23  -150.05   -70.62  -156.93
A   U  200    -61.90   178.80    44.19    74.09  -155.96   -69.00  -165.24
A   C  201   -105.44   167.78   101.30    77.19  -127.57  -116.40  -165.60
A   U  202     -0.61   139.39    14.98    76.97  -155.64   -79.23  -148.52
A   G  203    -60.99   161.57    60.85    80.63  -145.85   -72.61  -161.34
A   C  204    -89.44   177.64    67.27    80.43  -150.18   -69.91  -160.47
A   C  205    -68.79  -179.95    55.98    78.38  -125.53   -99.66  -156.96
A   A  206    106.36  -128.49  -147.73    75.02    51.69   122.80  -178.03
A   A  207    -58.85  -159.45    43.77    79.10  -175.06   135.28   -70.51
A   A  208    -69.93   138.28    31.96    79.83  -143.85   -83.31  -161.89
A   G  209    -41.66   163.08    43.69    76.31  -122.68  -102.66  -172.99
A   U  210    -29.61   137.83    46.33    77.76  -150.78   -79.60  -163.65
A   U  211    -49.78   163.74    54.69    77.95  -137.95  -103.73  -171.73
A   G  212    -19.78   145.66    27.29    77.57  -146.46   -83.23  -166.21
A   G  213    -47.78   165.42    48.38    78.35  -133.76   -99.42  -171.11
A   U  214    -55.26   144.29    63.85    80.86  -138.22   -68.01  -160.45
A   A  215    -85.65   173.31    67.81    78.25  -143.71   -41.86  -168.16
A   C  216   -130.20   108.63   160.89    81.96  -111.09   -79.03  -168.97
A   A  217    -70.55   170.52    37.95    76.67  -126.95  -125.01  -172.80
A   G  218    122.77  -110.61  -164.42    78.59  -153.54   -64.57  -170.92
A   A  219    -71.81  -171.75    53.41    80.40  -143.34   -74.49  -167.54
A   G  220    -55.83   165.79    55.43    80.07  -148.17   -83.94  -161.85
A   U  221    147.80  -143.61  -178.64    83.40   -86.66   -49.57  -166.59
A   A  222    -34.97   -67.36   -80.45   157.91  -138.18  -129.97  -112.10
A   A  223     76.30   169.46    69.90    83.36   -96.23  -158.54  -148.21
A   A  224     90.82  -171.19    57.28   147.19   -73.06    85.43    64.99
A   U  225     84.04   -96.60  -169.99    81.34  -155.74   -70.25  -167.14
A   G  226    -80.98   173.70    72.50    77.61  -155.65   -67.21  -173.23
A   A  227    -72.74  -171.10    50.58    79.46  -151.27   -68.29  -156.52
A   A  228    -69.85   165.34    69.53    76.97  -153.14   -67.84  -168.76
A   G  229    -65.13   171.59    55.77    76.29  -143.01   -79.33  -165.24
A   C  230    -61.88   160.54    54.67    76.71  -146.44   -68.90  -160.02
A   A  231    -72.96   168.64    61.15    77.08  -137.82   -83.99  -173.63
A   G  232    -61.08   159.52    64.93    79.68  -155.00   -75.92  -173.41
A   A  233    -62.77   174.93    55.46    83.32  -134.87   -71.09  -168.51
A   U  234    -61.04   166.92    55.47    78.10  -123.16  -179.99  -150.29
A   U  235     61.01  -159.35    52.28   143.66  -143.14   139.56  -117.72
A   G  236    113.41   175.15    64.06    85.71  -170.56    52.75  -155.97
A   A  237     72.59  -163.48   -47.70   149.73  -158.49    68.02  -125.89
A   U  238     78.73   118.65   -28.85    80.38  -158.23   -75.75  -157.26
A   G  239    -60.24  -168.75    44.14    79.64  -149.56   -48.92  -174.46
A   A  240   -156.15   151.27   151.46    82.29  -136.74   -77.33  -178.98
A   A  241    -58.00   175.33    42.03    78.31  -146.67   -71.66  -162.40
A   G  242    -65.96   173.71    53.03    77.06  -149.49   -75.84  -166.86
A   G  243    -56.61   163.36    59.64    77.49  -128.69   -75.30  -169.38
A   G  244    -55.70   151.12    63.48    81.48  -104.86  -120.85  -169.70
A   A  245     39.87  -172.75    55.65   147.39  -132.66    80.44  -114.83
A   A  246    174.61  -132.05    59.74   147.40   -92.22  -139.44  -155.98
A   A  247    -77.34    97.20   118.16    81.19  -146.69   -73.17  -168.81
A   G  248    -61.27   168.88    55.14    79.90  -146.94   -73.79  -168.38
A   A  249    -57.52   169.76    56.01    80.50  -135.22   -90.13  -170.40
A   C  250    -65.43   154.33    62.14    80.18  -145.71   -85.94  -158.11
A   U  251    -59.50   162.89    57.27    81.47  -148.21   -68.39  -160.94
A   G  252    -67.00   179.73    51.66    79.80  -150.43   -73.80  -161.68
A   C  253    -62.95   169.29    51.32    77.27  -145.05   -68.05  -161.16
A   A  254    -59.41   163.78    60.57    74.21  -132.67   -85.56  -168.89
A   U  255    -53.14   146.03    64.72    78.21  -123.89   -95.42  -160.30
A   U  256    -54.24   137.00    67.87    78.23  -132.51   -97.41  -160.64
A   C  257    -63.82   156.21    55.07    78.38  -151.37   -68.36  -159.82
A   U  258    -67.06   173.94    58.72    77.26  -155.29   -82.24  -162.13
A   U  259    -50.13   173.24    51.22    77.32  -134.74  -133.81  -158.30
A   A  260     61.39   160.10   176.92   148.75  -101.76   -76.98  -130.26
A   C  261    -35.05  -101.65   -91.10   150.29   -83.84   -53.81   -89.19
A   C  262    -81.80  -153.36    62.99    81.19  -154.56   -61.73  -171.42
A   C  263    -76.34  -165.76    50.08    80.04  -139.32   -78.94  -161.81
A   G  264    -58.07   163.83    53.41    78.51  -150.62   -66.90  -166.03
A   G  265    -66.08   173.38    52.62    75.12  -150.60   -85.00  -167.25
A   G  266    -42.60   157.92    52.70    79.51  -127.23   -78.74  -158.21
A   G  267    -51.44  -171.67    36.27   145.24  -152.98   150.85  -102.12
A   A  268    -73.94   127.55    73.58    76.80  -114.10   -70.40  -178.16
A   G  269    -65.58   163.28    53.86    79.82  -127.60   -76.80  -167.29
A   G  270    -54.26   154.59    52.35    83.48  -143.21   -69.15  -175.41
A   U  271    -58.39   172.06    52.97    79.50  -132.21   -86.80  -168.25
A   C  272    -52.76   152.35    58.06    79.33  -149.06   -73.96  -167.29
A   U  273    -59.93   179.40    46.26    80.17  -148.79   -81.73  -163.73
A   G  274    -53.47   170.19    41.58    80.10  -134.82   -71.51  -159.04
A   G  275    -55.02   163.65    46.72    76.60  -140.54   -55.52  -152.87
A   A  276    147.89   141.28    65.38    88.89  -150.09   -53.48  -176.98
A   A  277   -106.21   173.84    86.01    86.59  -131.39   -83.23  -161.77
A   A  278    -65.24   149.79    64.57    87.74  -128.01   -34.20  -156.74
A   C  279   -109.09   141.62   120.24    80.77  -141.90   -67.49  -166.76
A   A  280    -61.26   169.13    58.35    79.59  -154.21   -80.83  -154.76
A   G  281    118.24  -155.33  -151.83    81.97  -141.88   -77.56  -173.17
A   A  282    -60.81   177.49    47.65    82.04  -149.66   -79.26  -159.95
A   A  283    -72.09   160.96    67.48    80.55  -136.97   -61.56  -161.00
A   G  284    -63.32   167.24    61.49    81.15  -127.64   -90.32  -159.23
A   U  285    -85.33    89.50   151.10   149.10  -100.12   -60.91  -151.51
A   C  286    -57.45   141.70    43.73    81.10  -170.78  -166.06   -98.06
A   A  287    104.46   119.06    77.24    77.44  -118.84   -61.76   178.39
A   G  288    -38.25   -67.67  -101.73    84.44  -144.91   -64.92  -161.01
A   U  289    -72.21  -172.65    64.63   149.05  -163.75   102.87  -111.04
A   A  290     62.06  -168.82    52.79    80.44  -153.10  -100.41  -144.77
A   G  291    -47.84   162.30    64.88   143.96  -147.70   171.15   -95.07
A   A  292    -70.61   167.73    22.15    78.50  -140.99   -75.35  -169.49
A   A  293    -56.96   158.36    69.39    77.06  -128.50   -74.80  -167.10
A   G  294    -51.52   153.33    57.42    84.59  -140.57   -91.07  -167.72
A   U  295     96.51  -153.22  -130.12    90.53   -83.20  -125.05   179.30
A   C  296    -29.82   133.55    30.15    77.66  -136.53   -77.97  -157.63
A   A  297    -49.04   167.83    41.41    77.67  -140.84  -104.14  -159.63
A   U  298    -50.64   144.17    61.76    80.09  -122.23    22.84  -146.55
A   A  299    161.17   145.21    76.08   146.32  -107.79   124.66  -140.35
A   G  300     64.94   -93.28  -114.11   148.34  -156.39   145.84   -98.61
A   U  301    -76.19   146.28    38.36    82.75  -142.50   -70.51  -170.79
A   A  302    -60.22   178.85    42.00    80.78  -154.61   -76.77  -167.81
A   C  303    157.09  -127.14   161.32    82.59  -124.26   -85.36  -173.27
A   C  304    -54.25   169.41    40.43    79.27  -144.83   -86.89  -156.10
A   C  305    -49.54   167.06    45.09    79.04  -155.72   -82.82  -147.68
A   U  306    157.68  -144.54   171.24    80.25  -138.18  -105.70  -168.74
A   G  307    152.85  -137.64   158.86    80.92  -128.59   -60.61   161.95
A   U  308    -91.73  -147.10    71.80   147.16  -159.12  -152.42  -120.86
A   U  309   -105.16   112.97   -12.51   149.59  -148.09   161.71  -133.22
A   C  310   -171.87   107.79    28.93    88.25   -78.69   105.63   -77.38
A   G  311   -120.19   139.16   121.14    82.86   -83.17   103.79    96.35
A   C  312    150.77  -127.23    69.22    82.27  -159.69  -142.03  -154.30
A   A  313     88.61  -116.64  -151.29    83.52  -113.11   -72.43    21.10
A   G  314    -66.92   159.17    57.98    82.17  -135.46   -85.01  -176.27
A   G  315    -69.77   173.23    58.58    81.93  -149.87   -38.14  -167.31
A   G  316   -127.63   123.87   155.38    86.11  -140.49   -32.41   168.53
A   G  317   -111.07  -179.76    70.81    81.39  -156.47  -129.19  -155.49
A   A  318     57.81  -140.36   -89.31    86.08  -150.98   -76.84  -164.09
A   A  319    -70.67   172.25    64.92    92.48   -99.26  -126.64  -134.37
A   G  320    -38.53   146.48    45.83    91.83  -139.40   -69.41   -77.28
A   G  321    -64.61   171.59    57.20    81.97  -149.82   -79.06  -152.85
A   A  322    -64.86   162.33    60.50    80.61  -152.32   -74.90  -155.83
A   C  323    -61.45   162.89    65.97    80.10  -138.57   -58.33  -161.50
A   G  324    -68.00   170.28    56.49    83.74  -126.08   -94.54  -152.29
A   G  325    -34.73   146.95    59.29   146.44  -112.40   169.82  -103.30
A   A  326   -102.91  -175.37    24.67    79.89  -154.02   -73.14  -159.40
A   A  327    149.63  -140.19   176.62    82.17  -131.22   -72.07   175.89
A   C  328    -52.81   171.33    45.81    81.17  -139.63   -80.46  -165.94
A   A  329    -55.62   172.67    40.54    81.42  -164.21   -69.88  -172.44
A   A  330   -100.69  -149.16    58.59    82.45  -148.58   -84.94  -157.41
A   G  331    -49.55   154.30    59.73    80.39  -129.30   -77.39  -167.07
A   U  332    -66.19   157.56    62.46    78.59  -155.36  -155.41  -162.12
A   A  333     82.00   101.61    24.25   150.87   -83.61   135.82   -81.57
A   U  334    -89.95   151.29   -44.60    95.00  -130.33   -68.33   -78.40
A   G  335    -74.96  -155.54    77.85    86.58  -148.30   -73.78  -167.44
A   G  336    142.18  -146.08  -176.26    81.86  -113.17   -86.04   176.68
A   C  337    -70.77   151.34    70.40    75.72  -147.42   -55.47  -154.22
A   G  338   -135.26   150.32   126.63    78.35  -150.54   -43.19  -176.36
A   U  339    174.87   164.38   179.25    79.40  -100.38  -119.09   178.45
A   U  340    -78.34   112.07   -34.16   137.06    39.08   154.46  -166.62
A   C  341    135.99  -131.10   144.05   144.57    19.23   -81.53  -119.10
A   G  342    178.16  -166.41   156.50    82.00  -138.71   -74.04    28.71
A   C  343    135.01  -109.51   179.44    82.79  -142.88   -95.59  -179.93
A   G  344    -61.50   167.41    55.82    84.50  -112.56   -97.64   172.23
A   C  345    -55.41   144.03    68.10    83.91  -155.90   -67.06  -172.01
A   C  346    -78.98  -167.93    58.19    79.98  -153.57   -62.46  -167.12
A   U  347    -79.39   168.58    72.68    77.17  -139.04   -65.77  -166.17
A   A  348    -89.30  -173.50    79.42   136.84   -84.41   107.77  -116.48
A   A  349    169.43  -148.79    79.08    83.78  -117.47   -75.65  -168.62
A   G  350    -48.33   148.82    51.83    80.51  -139.14   -73.68  -156.18
A   C  351    -61.29   168.26    49.69    77.62  -143.40   -81.96  -149.61
A   U  352    -62.06   163.21    57.97    78.59  -143.54   -69.11  -159.23
A   U  353    -68.58   177.25    54.54    76.62  -139.81   -68.78  -160.27
A   G  354   -101.04   153.74   103.83    77.14  -115.31   117.36  -172.01
A   A  355   -169.06  -151.43    72.66    81.12  -164.86   -75.93  -154.34
A   A  356    157.20  -126.35   160.50    81.57  -113.43   -61.61  -171.54
A   C  357   -108.49   107.11   142.50    80.58  -128.28   -71.73  -176.36
A   U  358    -49.24  -172.19    31.53    76.71  -120.17   -38.48  -165.81
A   G  359   -106.82    90.81   171.28    79.90  -134.90   -73.71  -177.61
A   C  360    -53.35   164.11    46.83    82.15  -142.03   -80.02  -161.22
A   C  361    -64.23   168.87    53.96    78.90  -156.53   -71.12  -169.81
A   G  362    -64.71   178.33    58.26    81.86  -144.05   -76.94  -166.56
A   U  363    -67.31   170.56    48.61    80.77  -142.78   -73.32  -152.40
A   A  364    -61.36   167.79    49.50    78.83  -139.32   -76.83  -166.87
A   U  365    -53.35   163.42    46.83    77.50  -156.66   -81.98  -159.84
A   A  366    -54.13   174.19    43.61    77.59  -167.31   -78.57  -159.71
A   C  367    144.01  -165.82  -167.15    80.35  -138.65   -80.47  -167.54
A   C  368    -62.51   167.82    52.63    77.22  -122.14   -55.72  -157.07
A   G  369    172.42  -165.36    54.20   140.95  -120.51   156.44  -131.71
A   A  370    166.19  -156.80    63.86    82.92  -150.54   -55.45  -168.15
A   A  371    -78.77   173.59    61.57    83.64  -123.69   -81.31  -161.07
A   C  372    -55.57   153.55    53.54    82.19  -130.84   -66.10  -162.94
A   G  373    -62.87   170.93    46.98    83.79  -161.14   -74.18  -158.62
A   G  374    147.19  -153.33   178.99    81.81  -137.89   -85.86   176.83
A   U  375    -50.94   169.44    52.17    82.04  -147.26    71.90  -163.58
A   A  376     74.52   135.61    50.25   146.68  -100.87   -92.57   -66.89
A   C  377     49.50   171.82  -178.99    78.35  -158.94    64.38  -166.94
A   G  378     58.51   155.92    38.58    82.45  -135.68   -75.31  -169.60
A   U  379    -56.79   166.13    54.55    81.55  -144.80   -69.30  -156.49
A   A  380    -70.14  -176.94    45.49    80.51  -147.26   -72.63  -144.23
A   C  381    -66.22   164.09    55.31    77.51  -158.53   -74.25  -155.17
A   G  382    158.46  -167.27   167.05    80.10  -127.84   -94.70  -176.31
A   G  383    -36.83   157.48    36.26    81.60  -128.89   -94.18  -178.84
A   U  384    -37.42   155.76    42.44    80.45  -141.64  -102.62  -169.91
A   A  385    -57.62   149.89    57.85    77.84  -150.95   -80.06  -170.34
A   G  386    -55.02   158.51    67.10    80.14  -150.63   -71.40  -172.59
A   U  387    -59.75   172.83    55.95    79.31  -140.55   -48.48  -174.82
A   G  388    -75.71  -147.88    51.34   144.41  -141.47   162.63  -115.19
A   U  389     -9.18   116.04    15.87    78.88 -9999.99 -9999.99  -125.48
B   G   -4  -9999.99   -93.11  -138.40    79.51  -115.67   -94.77    -1.56
B   U   -3     40.04   119.76    -6.25    77.39  -148.50   -72.02  -155.29
B   U   -2    -74.31   157.70    79.35    78.90  -158.03   -69.61  -166.15
B   A   -1    -71.31  -169.72    48.14    82.36  -144.37   -90.52  -154.45
B   U    0    -61.43   164.71    57.27    82.15 -9999.99 -9999.99  -147.67
