
Number of the total bases = 393

=====Table of overall statistics =====
Distributions from total number of pairs (170):
The Standard W.C pairs =   103(60.6%)

    WW--cis    WW-tran    HH--cis    HH-tran    SS--cis    SS-tran
  18(10.6%)   3( 1.8%)   0( 0.0%)   1( 0.6%)   2( 1.2%)   5( 2.9%)

    WH--cis    WH-tran    WS--cis    WS-tran    HS--cis    HS-tran
   2( 1.2%)  11( 6.5%)   3( 1.8%)   5( 2.9%)   2( 1.2%)  15( 8.8%)

std -> the standard W.C. base pairs


=====Table of the pair and edge type statistics =====
     A-A  A-C  C-A  A-G  G-A  A-U  U-A  C-C  C-G  G-C  C-U  U-C  G-G  G-U  U-G  U-U  SUM    %
std    0    0    0    0    0   15   24    0   31   33    0    0    0    0    0    0  103 60.6
WWc    0    0    0    0    1    0    0    0    0    0    0    1    0    9    7    0   18 10.6
WHc    0    0    0    0    0    0    0    0    0    0    0    0    0    0    0    0    0  0.0
HWc    0    0    0    0    0    2    0    0    0    0    0    0    0    0    0    0    2  1.2
WSc    0    0    0    0    0    0    0    0    0    0    0    0    0    0    0    0    0  0.0
SWc    2    0    0    0    1    0    0    0    0    0    0    0    0    0    0    0    3  1.8
HHc    0    0    0    0    0    0    0    0    0    0    0    0    0    0    0    0    0  0.0
HSc    0    0    0    0    0    0    0    1    0    0    0    0    0    0    0    0    1  0.6
SHc    1    0    0    0    0    0    0    0    0    0    0    0    0    0    0    0    1  0.6
SSc    0    0    0    1    0    0    0    0    0    0    0    0    0    1    0    0    2  1.2
WWt    0    0    0    0    0    0    1    0    1    0    0    0    0    1    0    0    3  1.8
WHt    0    0    0    0    1    0    3    0    0    0    0    0    1    0    0    0    5  2.9
HWt    1    0    0    0    0    5    0    0    0    0    0    0    0    0    0    0    6  3.5
WSt    0    0    0    0    0    0    0    0    0    0    0    0    0    0    0    0    0  0.0
SWt    0    0    0    0    3    0    0    0    0    1    0    0    0    0    1    0    5  2.9
HHt    1    0    0    0    0    0    0    0    0    0    0    0    0    0    0    0    1  0.6
HSt    2    0    0    8    0    0    0    0    0    0    0    0    0    0    0    0   10  5.9
SHt    0    0    0    0    3    0    1    0    0    0    0    1    0    0    0    0    5  2.9
SSt    0    0    0    3    1    0    0    0    0    0    0    0    1    0    0    0    5  2.9
W.c    0    0    0    0    0    0    0    0    0    0    0    0    0    0    0    0    0  0.0
.Wc    0    0    0    0    0    0    0    0    0    0    0    0    0    0    0    0    0  0.0
H.c    0    0    0    0    0    0    0    0    0    0    0    0    0    0    0    0    0  0.0
.Hc    0    0    0    0    0    0    0    0    0    0    0    0    0    0    0    0    0  0.0
S.c    0    0    0    0    0    0    0    0    0    0    0    0    0    0    0    0    0  0.0
.Sc    0    0    0    0    0    0    0    0    0    0    0    0    0    0    0    0    0  0.0
..c    0    0    0    0    0    0    0    0    0    0    0    0    0    0    0    0    0  0.0
W.t    0    0    0    0    0    0    0    0    0    0    0    0    0    0    0    0    0  0.0
.Wt    0    0    0    0    0    0    0    0    0    0    0    0    0    0    0    0    0  0.0
H.t    0    0    0    0    0    0    0    0    0    0    0    0    0    0    0    0    0  0.0
.Ht    0    0    0    0    0    0    0    0    0    0    0    0    0    0    0    0    0  0.0
S.t    0    0    0    0    0    0    0    0    0    0    0    0    0    0    0    0    0  0.0
.St    0    0    0    0    0    0    0    0    0    0    0    0    0    0    0    0    0  0.0
..t    0    0    0    0    0    0    0    0    0    0    0    0    0    0    0    0    0  0.0
SUM    7    0    0   12   10   22   29    1   32   34    0    2    2   11    8    0
  %  4.1  0.0  0.0  7.1  5.9 12.9 17.1  0.6 18.8 20.0  0.0  1.2  1.2  6.5  4.7  0.0


NEW Table! (combine standard with W edge)

     A-A  A-C  C-A  A-G  G-A  A-U  U-A  C-C  C-G  G-C  C-U  U-C  G-G  G-U  U-G  U-U  SUM    %
WWc    0    0    0    0    1   15   24    0   31   33    0    1    0    9    7    0  121 71.2
     0.0  0.0  0.0  0.0  0.6  8.8 14.1  0.0 18.2 19.4  0.0  0.6  0.0  5.3  4.1  0.0
WHc    0    0    0    0    0    0    0    0    0    0    0    0    0    0    0    0    0  0.0
     0.0  0.0  0.0  0.0  0.0  0.0  0.0  0.0  0.0  0.0  0.0  0.0  0.0  0.0  0.0  0.0
HWc    0    0    0    0    0    2    0    0    0    0    0    0    0    0    0    0    2  1.2
     0.0  0.0  0.0  0.0  0.0  1.2  0.0  0.0  0.0  0.0  0.0  0.0  0.0  0.0  0.0  0.0
WSc    0    0    0    0    0    0    0    0    0    0    0    0    0    0    0    0    0  0.0
     0.0  0.0  0.0  0.0  0.0  0.0  0.0  0.0  0.0  0.0  0.0  0.0  0.0  0.0  0.0  0.0
SWc    2    0    0    0    1    0    0    0    0    0    0    0    0    0    0    0    3  1.8
     1.2  0.0  0.0  0.0  0.6  0.0  0.0  0.0  0.0  0.0  0.0  0.0  0.0  0.0  0.0  0.0
HHc    0    0    0    0    0    0    0    0    0    0    0    0    0    0    0    0    0  0.0
     0.0  0.0  0.0  0.0  0.0  0.0  0.0  0.0  0.0  0.0  0.0  0.0  0.0  0.0  0.0  0.0
HSc    0    0    0    0    0    0    0    1    0    0    0    0    0    0    0    0    1  0.6
     0.0  0.0  0.0  0.0  0.0  0.0  0.0  0.6  0.0  0.0  0.0  0.0  0.0  0.0  0.0  0.0
SHc    1    0    0    0    0    0    0    0    0    0    0    0    0    0    0    0    1  0.6
     0.6  0.0  0.0  0.0  0.0  0.0  0.0  0.0  0.0  0.0  0.0  0.0  0.0  0.0  0.0  0.0
SSc    0    0    0    1    0    0    0    0    0    0    0    0    0    1    0    0    2  1.2
     0.0  0.0  0.0  0.6  0.0  0.0  0.0  0.0  0.0  0.0  0.0  0.0  0.0  0.6  0.0  0.0
WWt    0    0    0    0    0    0    1    0    1    0    0    0    0    1    0    0    3  1.8
     0.0  0.0  0.0  0.0  0.0  0.0  0.6  0.0  0.6  0.0  0.0  0.0  0.0  0.6  0.0  0.0
WHt    0    0    0    0    1    0    3    0    0    0    0    0    1    0    0    0    5  2.9
     0.0  0.0  0.0  0.0  0.6  0.0  1.8  0.0  0.0  0.0  0.0  0.0  0.6  0.0  0.0  0.0
HWt    1    0    0    0    0    5    0    0    0    0    0    0    0    0    0    0    6  3.5
     0.6  0.0  0.0  0.0  0.0  2.9  0.0  0.0  0.0  0.0  0.0  0.0  0.0  0.0  0.0  0.0
WSt    0    0    0    0    0    0    0    0    0    0    0    0    0    0    0    0    0  0.0
     0.0  0.0  0.0  0.0  0.0  0.0  0.0  0.0  0.0  0.0  0.0  0.0  0.0  0.0  0.0  0.0
SWt    0    0    0    0    3    0    0    0    0    1    0    0    0    0    1    0    5  2.9
     0.0  0.0  0.0  0.0  1.8  0.0  0.0  0.0  0.0  0.6  0.0  0.0  0.0  0.0  0.6  0.0
HHt    1    0    0    0    0    0    0    0    0    0    0    0    0    0    0    0    1  0.6
     0.6  0.0  0.0  0.0  0.0  0.0  0.0  0.0  0.0  0.0  0.0  0.0  0.0  0.0  0.0  0.0
HSt    2    0    0    8    0    0    0    0    0    0    0    0    0    0    0    0   10  5.9
     1.2  0.0  0.0  4.7  0.0  0.0  0.0  0.0  0.0  0.0  0.0  0.0  0.0  0.0  0.0  0.0
SHt    0    0    0    0    3    0    1    0    0    0    0    1    0    0    0    0    5  2.9
     0.0  0.0  0.0  0.0  1.8  0.0  0.6  0.0  0.0  0.0  0.0  0.6  0.0  0.0  0.0  0.0
SSt    0    0    0    3    1    0    0    0    0    0    0    0    1    0    0    0    5  2.9
     0.0  0.0  0.0  1.8  0.6  0.0  0.0  0.0  0.0  0.0  0.0  0.0  0.6  0.0  0.0  0.0
W.c    0    0    0    0    0    0    0    0    0    0    0    0    0    0    0    0    0  0.0
     0.0  0.0  0.0  0.0  0.0  0.0  0.0  0.0  0.0  0.0  0.0  0.0  0.0  0.0  0.0  0.0
.Wc    0    0    0    0    0    0    0    0    0    0    0    0    0    0    0    0    0  0.0
     0.0  0.0  0.0  0.0  0.0  0.0  0.0  0.0  0.0  0.0  0.0  0.0  0.0  0.0  0.0  0.0
H.c    0    0    0    0    0    0    0    0    0    0    0    0    0    0    0    0    0  0.0
     0.0  0.0  0.0  0.0  0.0  0.0  0.0  0.0  0.0  0.0  0.0  0.0  0.0  0.0  0.0  0.0
.Hc    0    0    0    0    0    0    0    0    0    0    0    0    0    0    0    0    0  0.0
     0.0  0.0  0.0  0.0  0.0  0.0  0.0  0.0  0.0  0.0  0.0  0.0  0.0  0.0  0.0  0.0
S.c    0    0    0    0    0    0    0    0    0    0    0    0    0    0    0    0    0  0.0
     0.0  0.0  0.0  0.0  0.0  0.0  0.0  0.0  0.0  0.0  0.0  0.0  0.0  0.0  0.0  0.0
.Sc    0    0    0    0    0    0    0    0    0    0    0    0    0    0    0    0    0  0.0
     0.0  0.0  0.0  0.0  0.0  0.0  0.0  0.0  0.0  0.0  0.0  0.0  0.0  0.0  0.0  0.0
..c    0    0    0    0    0    0    0    0    0    0    0    0    0    0    0    0    0  0.0
     0.0  0.0  0.0  0.0  0.0  0.0  0.0  0.0  0.0  0.0  0.0  0.0  0.0  0.0  0.0  0.0
W.t    0    0    0    0    0    0    0    0    0    0    0    0    0    0    0    0    0  0.0
     0.0  0.0  0.0  0.0  0.0  0.0  0.0  0.0  0.0  0.0  0.0  0.0  0.0  0.0  0.0  0.0
.Wt    0    0    0    0    0    0    0    0    0    0    0    0    0    0    0    0    0  0.0
     0.0  0.0  0.0  0.0  0.0  0.0  0.0  0.0  0.0  0.0  0.0  0.0  0.0  0.0  0.0  0.0
H.t    0    0    0    0    0    0    0    0    0    0    0    0    0    0    0    0    0  0.0
     0.0  0.0  0.0  0.0  0.0  0.0  0.0  0.0  0.0  0.0  0.0  0.0  0.0  0.0  0.0  0.0
.Ht    0    0    0    0    0    0    0    0    0    0    0    0    0    0    0    0    0  0.0
     0.0  0.0  0.0  0.0  0.0  0.0  0.0  0.0  0.0  0.0  0.0  0.0  0.0  0.0  0.0  0.0
S.t    0    0    0    0    0    0    0    0    0    0    0    0    0    0    0    0    0  0.0
     0.0  0.0  0.0  0.0  0.0  0.0  0.0  0.0  0.0  0.0  0.0  0.0  0.0  0.0  0.0  0.0
.St    0    0    0    0    0    0    0    0    0    0    0    0    0    0    0    0    0  0.0
     0.0  0.0  0.0  0.0  0.0  0.0  0.0  0.0  0.0  0.0  0.0  0.0  0.0  0.0  0.0  0.0
..t    0    0    0    0    0    0    0    0    0    0    0    0    0    0    0    0    0  0.0
     0.0  0.0  0.0  0.0  0.0  0.0  0.0  0.0  0.0  0.0  0.0  0.0  0.0  0.0  0.0  0.0
SUM    7    0    0   12   10   22   29    1   32   34    0    2    2   11    8    0
  %  4.1  0.0  0.0  7.1  5.9 12.9 17.1  0.6 18.8 20.0  0.0  1.2  1.2  6.5  4.7  0.0


=======The table of 12 base pair family=======
    WWc      A          C          G          U
     A     0( 0.0)    0( 0.0)    0( 0.0)   15( 8.8)
     C     0( 0.0)    0( 0.0)   31(18.2)    0( 0.0)
     G     1( 0.6)   33(19.4)    0( 0.0)    9( 5.3)
     U    24(14.1)    1( 0.6)    7( 4.1)    0( 0.0)

 WHc+HWc      A          C          G          U
     A     0( 0.0)    0( 0.0)    0( 0.0)    2( 1.2)
     C     0( 0.0)    0( 0.0)    0( 0.0)    0( 0.0)
     G     0( 0.0)    0( 0.0)    0( 0.0)    0( 0.0)
     U     0( 0.0)    0( 0.0)    0( 0.0)    0( 0.0)

 WSc+SWc      A          C          G          U
     A     2( 1.2)    0( 0.0)    0( 0.0)    0( 0.0)
     C     0( 0.0)    0( 0.0)    0( 0.0)    0( 0.0)
     G     1( 0.6)    0( 0.0)    0( 0.0)    0( 0.0)
     U     0( 0.0)    0( 0.0)    0( 0.0)    0( 0.0)

    HHc      A          C          G          U
     A     0( 0.0)    0( 0.0)    0( 0.0)    0( 0.0)
     C     0( 0.0)    0( 0.0)    0( 0.0)    0( 0.0)
     G     0( 0.0)    0( 0.0)    0( 0.0)    0( 0.0)
     U     0( 0.0)    0( 0.0)    0( 0.0)    0( 0.0)

 HSc+SHc      A          C          G          U
     A     1( 0.6)    0( 0.0)    0( 0.0)    0( 0.0)
     C     0( 0.0)    1( 0.6)    0( 0.0)    0( 0.0)
     G     0( 0.0)    0( 0.0)    0( 0.0)    0( 0.0)
     U     0( 0.0)    0( 0.0)    0( 0.0)    0( 0.0)

    SSc      A          C          G          U
     A     0( 0.0)    0( 0.0)    1( 0.6)    0( 0.0)
     C     0( 0.0)    0( 0.0)    0( 0.0)    0( 0.0)
     G     0( 0.0)    0( 0.0)    0( 0.0)    1( 0.6)
     U     0( 0.0)    0( 0.0)    0( 0.0)    0( 0.0)

    WWt      A          C          G          U
     A     0( 0.0)    0( 0.0)    0( 0.0)    0( 0.0)
     C     0( 0.0)    0( 0.0)    1( 0.6)    0( 0.0)
     G     0( 0.0)    0( 0.0)    0( 0.0)    1( 0.6)
     U     1( 0.6)    0( 0.0)    0( 0.0)    0( 0.0)

 WHt+HWt      A          C          G          U
     A     1( 0.6)    0( 0.0)    0( 0.0)    5( 2.9)
     C     0( 0.0)    0( 0.0)    0( 0.0)    0( 0.0)
     G     1( 0.6)    0( 0.0)    1( 0.6)    0( 0.0)
     U     3( 1.8)    0( 0.0)    0( 0.0)    0( 0.0)

 WSt+SWt      A          C          G          U
     A     0( 0.0)    0( 0.0)    0( 0.0)    0( 0.0)
     C     0( 0.0)    0( 0.0)    0( 0.0)    0( 0.0)
     G     3( 1.8)    1( 0.6)    0( 0.0)    0( 0.0)
     U     0( 0.0)    0( 0.0)    1( 0.6)    0( 0.0)

    HHt      A          C          G          U
     A     1( 0.6)    0( 0.0)    0( 0.0)    0( 0.0)
     C     0( 0.0)    0( 0.0)    0( 0.0)    0( 0.0)
     G     0( 0.0)    0( 0.0)    0( 0.0)    0( 0.0)
     U     0( 0.0)    0( 0.0)    0( 0.0)    0( 0.0)

 HSt+SHt      A          C          G          U
     A     2( 1.2)    0( 0.0)    8( 4.7)    0( 0.0)
     C     0( 0.0)    0( 0.0)    0( 0.0)    0( 0.0)
     G     3( 1.8)    0( 0.0)    0( 0.0)    0( 0.0)
     U     1( 0.6)    1( 0.6)    0( 0.0)    0( 0.0)

    SSt      A          C          G          U
     A     0( 0.0)    0( 0.0)    3( 1.8)    0( 0.0)
     C     0( 0.0)    0( 0.0)    0( 0.0)    0( 0.0)
     G     1( 0.6)    0( 0.0)    1( 0.6)    0( 0.0)
     U     0( 0.0)    0( 0.0)    0( 0.0)    0( 0.0)


=====Table of the three edge statistics =====

Statistics for each edge(total(A+U+G+C+T+P+I)=338.0)
Percentage (in parentheses) is with respect to total edge.
base    edge(W.C.)    edge(Hoog)    edge(Sugar) 
   A      48( 14.2)    29(  8.6)     9(  2.7)
   G      86( 25.4)     1(  0.3)    24(  7.1)
   U      68( 20.1)     0(  0.0)     3(  0.9)
   C      67( 19.8)     2(  0.6)     1(  0.3)
   T       0(  0.0)     0(  0.0)     0(  0.0)
   P       0(  0.0)     0(  0.0)     0(  0.0)
   T       0(  0.0)     0(  0.0)     0(  0.0)

   R     134( 39.6)    30(  8.9)    33(  9.8)
   Y     135( 39.9)     2(  0.6)     4(  1.2)

Statistics for each edge for (A, G, C U)(total 338.0)
Percentage (in parentheses) is with respect to three edges.
base    edge(W.C.)    edge(Hoog)    edge(Sugar) 
   A      48( 55.8)    29( 33.7)     9( 10.5)
   G      86( 77.5)     1(  0.9)    24( 21.6)
   U      68( 95.8)     0(  0.0)     3(  4.2)
   C      67( 95.7)     2(  2.9)     1(  1.4)

   R     134( 68.0)    30( 15.2)    33( 16.8)
   Y     135( 95.7)     2(  1.4)     4(  2.8)
